{"logTime": "0513/080302", "correlationVector":"MltJzdDPWGgzmzPer5sFCV","action":"Normal GetUpdate request", "result":"", "context":cV=MltJzdDPWGgzmzPer5sFCV
Nudged types: Passwords, Sessions}
{"logTime": "0513/080303", "correlationVector":"MltJzdDPWGgzmzPer5sFCV.1","action":"SyncServerConnectionManagerRequest", "result":"SYNC_SERVER_OK", "context":{"environment":"Prod_EastUS2_000e", "migrationStage":"NotStarted", "server":"GENERAL01000026"}}
{"logTime": "0513/080303", "correlationVector":"MltJzdDPWGgzmzPer5sFCV.2","action":"GetUpdates", "result":"DeleteReceived", "context":{"id":"bc7c61ad-eec5-4859-a68d-9d10fb6212c6", "isDeleted:":"true", "version":"1715587366171"}}
{"logTime": "0513/080303", "correlationVector":"MltJzdDPWGgzmzPer5sFCV.3","action":"GetUpdates Response", "result":"Success", "context":Received 3 update(s). cV=MltJzdDPWGgzmzPer5sFCV.0;server=GENERAL01000026;cloudType=Consumer;environment=Prod_EastUS2_000e;migrationStage=NotStarted}
{"logTime": "0513/080303", "correlationVector":"9CSwfR6RgqwU8eieGL9vhk","action":"Commit Request", "result":"", "context":Item count: 7
Contributing types: Passwords, Sessions}
{"logTime": "0513/080303", "correlationVector":"9CSwfR6RgqwU8eieGL9vhk.1","action":"SyncServerConnectionManagerRequest", "result":"SYNC_SERVER_OK", "context":{"environment":"Prod_EastUS2_000e", "migrationStage":"NotStarted", "server":"GENERAL01000006"}}
{"logTime": "0513/080303", "correlationVector":"9CSwfR6RgqwU8eieGL9vhk.2","action":"Commit Response", "result":"Success", "context":Result: Success. cV=9CSwfR6RgqwU8eieGL9vhk.0;server=GENERAL01000006;cloudType=Consumer;environment=Prod_EastUS2_000e;migrationStage=NotStarted}
{"logTime": "0513/080320", "correlationVector":"iq9UBX70UrJ1ZGzZ4ETiAf","action":"Normal GetUpdate request", "result":"", "context":cV=iq9UBX70UrJ1ZGzZ4ETiAf
Notified types: Preferences}
{"logTime": "0513/080320", "correlationVector":"iq9UBX70UrJ1ZGzZ4ETiAf.1","action":"SyncServerConnectionManagerRequest", "result":"SYNC_SERVER_OK", "context":{"environment":"Prod_EastUS2_000e", "migrationStage":"NotStarted", "server":"GENERAL0100000K"}}
{"logTime": "0513/080320", "correlationVector":"iq9UBX70UrJ1ZGzZ4ETiAf.2","action":"GetUpdates Response", "result":"Success", "context":Received 8 update(s). cV=iq9UBX70UrJ1ZGzZ4ETiAf.0;server=GENERAL0100000K;cloudType=Consumer;environment=Prod_EastUS2_000e;migrationStage=NotStarted}
{"logTime": "0513/080322", "correlationVector":"1dFWVOQjDPnivQzCK66g6F","action":"Commit Request", "result":"", "context":Item count: 1
Contributing types: Preferences}
{"logTime": "0513/080323", "correlationVector":"1dFWVOQjDPnivQzCK66g6F.1","action":"SyncServerConnectionManagerRequest", "result":"SYNC_SERVER_OK", "context":{"environment":"Prod_EastUS2_000e", "migrationStage":"NotStarted", "server":"GENERAL0100001M"}}
{"logTime": "0513/080323", "correlationVector":"1dFWVOQjDPnivQzCK66g6F.2","action":"Commit Response", "result":"Success", "context":Result: Success. cV=1dFWVOQjDPnivQzCK66g6F.0;server=GENERAL0100001M;cloudType=Consumer;environment=Prod_EastUS2_000e;migrationStage=NotStarted}
{"logTime": "0513/080325", "correlationVector":"3t1ZtnOZOk62kx2falRQnJ","action":"Commit Request", "result":"", "context":Item count: 1
Contributing types: Preferences}
{"logTime": "0513/080325", "correlationVector":"3t1ZtnOZOk62kx2falRQnJ.1","action":"SyncServerConnectionManagerRequest", "result":"SYNC_SERVER_OK", "context":{"environment":"Prod_EastUS2_000e", "migrationStage":"NotStarted", "server":"GENERAL01000009"}}
{"logTime": "0513/080325", "correlationVector":"3t1ZtnOZOk62kx2falRQnJ.2","action":"Commit Response", "result":"Success", "context":Result: Success. cV=3t1ZtnOZOk62kx2falRQnJ.0;server=GENERAL01000009;cloudType=Consumer;environment=Prod_EastUS2_000e;migrationStage=NotStarted}
{"logTime": "0513/080348", "correlationVector":"5heu0aPznIqw89yJQX2wU0","action":"Commit Request", "result":"", "context":Item count: 1
Contributing types: Sessions}
{"logTime": "0513/080349", "correlationVector":"5heu0aPznIqw89yJQX2wU0.1","action":"SyncServerConnectionManagerRequest", "result":"SYNC_SERVER_OK", "context":{"environment":"Prod_EastUS2_000e", "migrationStage":"NotStarted", "server":"GENERAL0100001R"}}
{"logTime": "0513/080349", "correlationVector":"5heu0aPznIqw89yJQX2wU0.2","action":"Commit Response", "result":"Success", "context":Result: Success. cV=5heu0aPznIqw89yJQX2wU0.0;server=GENERAL0100001R;cloudType=Consumer;environment=Prod_EastUS2_000e;migrationStage=NotStarted}
{"logTime": "0513/080747", "correlationVector":"LjkiWItbixfkXRD5EBCvVi","action":"Normal GetUpdate request", "result":"", "context":cV=LjkiWItbixfkXRD5EBCvVi
Refresh requested types: Bookmarks, Preferences, Passwords, Autofill Profiles, Autofill, Typed URLs, Extensions, Sessions, Extension settings, History Delete Directives, Device Info, User Consents, Send Tab To Self, Web Apps, Collection, Edge E Drop, Edge Hub App Usage, Edge Tab Group, Edge Wallet, Encryption Keys}
{"logTime": "0513/080748", "correlationVector":"LjkiWItbixfkXRD5EBCvVi.1","action":"SyncServerConnectionManagerRequest", "result":"SYNC_SERVER_OK", "context":{"environment":"Prod_EastUS2_000e", "migrationStage":"NotStarted", "server":"GENERAL01000011"}}
{"logTime": "0513/080748", "correlationVector":"LjkiWItbixfkXRD5EBCvVi.2","action":"GetUpdates Response", "result":"Success", "context":Received 3 update(s). cV=LjkiWItbixfkXRD5EBCvVi.0;server=GENERAL01000011;cloudType=Consumer;environment=Prod_EastUS2_000e;migrationStage=NotStarted}
{"logTime": "0513/081530", "correlationVector":"zk/h84zXSvzVqyXXowJ0sw.1","action":"SyncServerConnectionManagerRequest", "result":"SYNC_SERVER_OK", "context":{"environment":"Prod_EastUS2_000e", "migrationStage":"NotStarted", "server":"GENERAL01000008"}}
{"logTime": "0513/081530", "correlationVector":"zk/h84zXSvzVqyXXowJ0sw","action":"Initial GetUpdates", "result":"", "context":Reason: NEW_CLIENT. cV=zk/h84zXSvzVqyXXowJ0sw}
{"logTime": "0513/081530", "correlationVector":"zk/h84zXSvzVqyXXowJ0sw.2","action":"GetUpdates Response", "result":"Success", "context":Received 1 update(s). cV=zk/h84zXSvzVqyXXowJ0sw.0;server=GENERAL01000008;cloudType=Consumer;environment=Prod_EastUS2_000e;migrationStage=NotStarted}
{"logTime": "0513/081530", "correlationVector":"7Z2CpugXxn64w6TpXgwafJ","action":"Initial GetUpdates", "result":"", "context":Reason: NEWLY_SUPPORTED_DATATYPE. cV=7Z2CpugXxn64w6TpXgwafJ}
{"logTime": "0513/081530", "correlationVector":"7Z2CpugXxn64w6TpXgwafJ.1","action":"SyncServerConnectionManagerRequest", "result":"SYNC_SERVER_OK", "context":{"environment":"Prod_EastUS2_000e", "migrationStage":"NotStarted", "server":"GENERAL01000035"}}
{"logTime": "0513/081530", "correlationVector":"7Z2CpugXxn64w6TpXgwafJ.2","action":"GetUpdates", "result":"DeleteReceived", "context":{"id":"d5414ee9-a08b-4a99-904d-5b8a0a925119", "isDeleted:":"true", "version":"1692060837289"}}
{"logTime": "0513/081530", "correlationVector":"7Z2CpugXxn64w6TpXgwafJ.3","action":"GetUpdates", "result":"DeleteReceived", "context":{"id":"2c5dd0f8-d8be-4ada-818b-c4dbd914fd0c", "isDeleted:":"true", "version":"1694657739363"}}
{"logTime": "0513/081530", "correlationVector":"7Z2CpugXxn64w6TpXgwafJ.4","action":"GetUpdates", "result":"DeleteReceived", "context":{"id":"c805b670-bd9a-4378-a245-2a826dbfa218", "isDeleted:":"true", "version":"1697653945283"}}
{"logTime": "0513/081530", "correlationVector":"7Z2CpugXxn64w6TpXgwafJ.5","action":"GetUpdates", "result":"DeleteReceived", "context":{"id":"216ab9bb-a3bf-4471-8d20-e11fc71dd2b4", "isDeleted:":"true", "version":"1713544397797"}}
{"logTime": "0513/081530", "correlationVector":"7Z2CpugXxn64w6TpXgwafJ.6","action":"GetUpdates", "result":"DeleteReceived", "context":{"id":"3be8bfc9-4f54-4b89-9390-f453b852c7e8", "isDeleted:":"true", "version":"1713544397799"}}
{"logTime": "0513/081530", "correlationVector":"7Z2CpugXxn64w6TpXgwafJ.7","action":"GetUpdates", "result":"DeleteReceived", "context":{"id":"5f9f8600-eceb-47c5-8071-ec414a05cb37", "isDeleted:":"true", "version":"1713544397800"}}
{"logTime": "0513/081530", "correlationVector":"7Z2CpugXxn64w6TpXgwafJ.8","action":"GetUpdates", "result":"DeleteReceived", "context":{"id":"93e30d5f-38dd-4f0a-87e4-2c6ddb7690f0", "isDeleted:":"true", "version":"1713544397801"}}
{"logTime": "0513/081530", "correlationVector":"7Z2CpugXxn64w6TpXgwafJ.9","action":"GetUpdates Response", "result":"Success", "context":Received 208 update(s). cV=7Z2CpugXxn64w6TpXgwafJ.0;server=GENERAL01000035;cloudType=Consumer;environment=Prod_EastUS2_000e;migrationStage=NotStarted}
{"logTime": "0513/081530", "correlationVector":"x1vttaKMR3vf3KVuTTX0Ub","action":"SyncServerConnectionManagerRequest", "result":"SYNC_SERVER_OK", "context":{"environment":"", "migrationStage":"", "server":""}}
{"logTime": "0513/081530", "correlationVector":"jiV9pLBGDaYI3gjDneFL+W","action":"Initial GetUpdates", "result":"", "context":Reason: NEWLY_SUPPORTED_DATATYPE. cV=jiV9pLBGDaYI3gjDneFL+W}
{"logTime": "0513/081530", "correlationVector":"jiV9pLBGDaYI3gjDneFL+W.1","action":"SyncServerConnectionManagerRequest", "result":"SYNC_SERVER_OK", "context":{"environment":"Prod_EastUS2_000e", "migrationStage":"NotStarted", "server":"GENERAL0100003A"}}
{"logTime": "0513/081530", "correlationVector":"jiV9pLBGDaYI3gjDneFL+W.2","action":"GetUpdates Response", "result":"Success", "context":Received 0 update(s). cV=jiV9pLBGDaYI3gjDneFL+W.0;server=GENERAL0100003A;cloudType=Consumer;environment=Prod_EastUS2_000e;migrationStage=NotStarted}
{"logTime": "0513/081530", "correlationVector":"npxuZCWWqdQnNkVpgXSXpR","action":"Normal GetUpdate request", "result":"", "context":cV=npxuZCWWqdQnNkVpgXSXpR
Nudged types: Sessions
Refresh requested types: Bookmarks, Preferences, Passwords, Autofill Profiles, Autofill, Typed URLs, Extensions, Sessions, Extension settings, History Delete Directives, Device Info, User Consents, Send Tab To Self, Web Apps, Collection, Edge E Drop, Edge Hub App Usage, Edge Tab Group, Edge Wallet, Encryption Keys}
{"logTime": "0513/081530", "correlationVector":"npxuZCWWqdQnNkVpgXSXpR.1","action":"SyncServerConnectionManagerRequest", "result":"SYNC_SERVER_OK", "context":{"environment":"Prod_EastUS2_000e", "migrationStage":"NotStarted", "server":"general01000015"}}
{"logTime": "0513/081530", "correlationVector":"npxuZCWWqdQnNkVpgXSXpR.2","action":"GetUpdates Response", "result":"Success", "context":Received 0 update(s). cV=npxuZCWWqdQnNkVpgXSXpR.0;server=general01000015;cloudType=Consumer;environment=Prod_EastUS2_000e;migrationStage=NotStarted}
{"logTime": "0513/081530", "correlationVector":"drfIdifa4zzzql3QtKLvVC","action":"Commit Request", "result":"", "context":Item count: 3
Contributing types: Sessions}
{"logTime": "0513/081530", "correlationVector":"drfIdifa4zzzql3QtKLvVC.1","action":"SyncServerConnectionManagerRequest", "result":"SYNC_SERVER_OK", "context":{"environment":"Prod_EastUS2_000e", "migrationStage":"NotStarted", "server":"GENERAL01000028"}}
{"logTime": "0513/081530", "correlationVector":"drfIdifa4zzzql3QtKLvVC.2","action":"Commit Response", "result":"Success", "context":Result: Success. cV=drfIdifa4zzzql3QtKLvVC.0;server=GENERAL01000028;cloudType=Consumer;environment=Prod_EastUS2_000e;migrationStage=NotStarted}
{"logTime": "0513/081530", "correlationVector":"drfIdifa4zzzql3QtKLvVC.3","action":"Commit.Sessions", "result":"Success", "context":{"id":"36aecb2c-5e83-4e55-861a-9ad8d681cd30", "isDeleted":"true", "size":"0", "version":"1715587425805"}}
{"logTime": "0513/081530", "correlationVector":"kkyAIH+N5Hv3aky3hEnAlf","action":"Normal GetUpdate request", "result":"", "context":cV=kkyAIH+N5Hv3aky3hEnAlf
Nudged types: Passwords, Sessions}
{"logTime": "0513/081531", "correlationVector":"kkyAIH+N5Hv3aky3hEnAlf.1","action":"SyncServerConnectionManagerRequest", "result":"SYNC_SERVER_OK", "context":{"environment":"Prod_EastUS2_000e", "migrationStage":"NotStarted", "server":"GENERAL0100002K"}}
{"logTime": "0513/081531", "correlationVector":"kkyAIH+N5Hv3aky3hEnAlf.2","action":"GetUpdates", "result":"DeleteReceived", "context":{"id":"36aecb2c-5e83-4e55-861a-9ad8d681cd30", "isDeleted:":"true", "version":"1715588119081"}}
{"logTime": "0513/081531", "correlationVector":"kkyAIH+N5Hv3aky3hEnAlf.3","action":"GetUpdates Response", "result":"Success", "context":Received 3 update(s). cV=kkyAIH+N5Hv3aky3hEnAlf.0;server=GENERAL0100002K;cloudType=Consumer;environment=Prod_EastUS2_000e;migrationStage=NotStarted}
{"logTime": "0513/081531", "correlationVector":"0TpADo82LIA6vJoLdgvA2T","action":"Commit Request", "result":"", "context":Item count: 7
Contributing types: Passwords, Sessions}
{"logTime": "0513/081531", "correlationVector":"0TpADo82LIA6vJoLdgvA2T.1","action":"SyncServerConnectionManagerRequest", "result":"SYNC_SERVER_OK", "context":{"environment":"Prod_EastUS2_000e", "migrationStage":"NotStarted", "server":"GENERAL0100001B"}}
{"logTime": "0513/081531", "correlationVector":"0TpADo82LIA6vJoLdgvA2T.2","action":"Commit Response", "result":"Success", "context":Result: Success. cV=0TpADo82LIA6vJoLdgvA2T.0;server=GENERAL0100001B;cloudType=Consumer;environment=Prod_EastUS2_000e;migrationStage=NotStarted}
{"logTime": "0513/081556", "correlationVector":"jDamhXcfp4fQTlTIUXMvNv","action":"Commit Request", "result":"", "context":Item count: 1
Contributing types: Preferences}
{"logTime": "0513/081556", "correlationVector":"jDamhXcfp4fQTlTIUXMvNv.1","action":"SyncServerConnectionManagerRequest", "result":"SYNC_SERVER_OK", "context":{"environment":"Prod_EastUS2_000e", "migrationStage":"NotStarted", "server":"general0100002S"}}
{"logTime": "0513/081556", "correlationVector":"jDamhXcfp4fQTlTIUXMvNv.2","action":"Commit Response", "result":"Success", "context":Result: Success. cV=jDamhXcfp4fQTlTIUXMvNv.0;server=general0100002S;cloudType=Consumer;environment=Prod_EastUS2_000e;migrationStage=NotStarted}
{"logTime": "0513/081559", "correlationVector":"cOZLCxwxlv3EQ9ywZ4Jjnh","action":"Commit Request", "result":"", "context":Item count: 1
Contributing types: Preferences}
{"logTime": "0513/081559", "correlationVector":"cOZLCxwxlv3EQ9ywZ4Jjnh.1","action":"SyncServerConnectionManagerRequest", "result":"SYNC_SERVER_OK", "context":{"environment":"Prod_EastUS2_000e", "migrationStage":"NotStarted", "server":"GENERAL0100002E"}}
{"logTime": "0513/081559", "correlationVector":"cOZLCxwxlv3EQ9ywZ4Jjnh.2","action":"Commit Response", "result":"Success", "context":Result: Success. cV=cOZLCxwxlv3EQ9ywZ4Jjnh.0;server=GENERAL0100002E;cloudType=Consumer;environment=Prod_EastUS2_000e;migrationStage=NotStarted}
{"logTime": "0513/081608", "correlationVector":"ICPD/xSnYB72cAbRcl0ZA1","action":"Normal GetUpdate request", "result":"", "context":cV=ICPD/xSnYB72cAbRcl0ZA1
Notified types: Preferences}
{"logTime": "0513/081608", "correlationVector":"ICPD/xSnYB72cAbRcl0ZA1.1","action":"SyncServerConnectionManagerRequest", "result":"SYNC_SERVER_OK", "context":{"environment":"Prod_EastUS2_000e", "migrationStage":"NotStarted", "server":"GENERAL0100000D"}}
{"logTime": "0513/081608", "correlationVector":"ICPD/xSnYB72cAbRcl0ZA1.2","action":"GetUpdates Response", "result":"Success", "context":Received 9 update(s). cV=ICPD/xSnYB72cAbRcl0ZA1.0;server=GENERAL0100000D;cloudType=Consumer;environment=Prod_EastUS2_000e;migrationStage=NotStarted}
{"logTime": "0513/081613", "correlationVector":"5SG7ezSEBiS5BCJFjrp73n","action":"Commit Request", "result":"", "context":Item count: 1
Contributing types: Preferences}
{"logTime": "0513/081614", "correlationVector":"5SG7ezSEBiS5BCJFjrp73n.1","action":"SyncServerConnectionManagerRequest", "result":"SYNC_SERVER_OK", "context":{"environment":"Prod_EastUS2_000e", "migrationStage":"NotStarted", "server":"GENERAL0100002Q"}}
{"logTime": "0513/081614", "correlationVector":"5SG7ezSEBiS5BCJFjrp73n.2","action":"Commit Response", "result":"Success", "context":Result: Success. cV=5SG7ezSEBiS5BCJFjrp73n.0;server=GENERAL0100002Q;cloudType=Consumer;environment=Prod_EastUS2_000e;migrationStage=NotStarted}
{"logTime": "0513/081623", "correlationVector":"Yj092lvU375w8e3vk2N+MJ","action":"Normal GetUpdate request", "result":"", "context":cV=Yj092lvU375w8e3vk2N+MJ
Notified types: Preferences}
{"logTime": "0513/081623", "correlationVector":"Yj092lvU375w8e3vk2N+MJ.1","action":"SyncServerConnectionManagerRequest", "result":"SYNC_SERVER_OK", "context":{"environment":"Prod_EastUS2_000e", "migrationStage":"NotStarted", "server":"GENERAL0100002D"}}
{"logTime": "0513/081623", "correlationVector":"Yj092lvU375w8e3vk2N+MJ.2","action":"GetUpdates Response", "result":"Success", "context":Received 1 update(s). cV=Yj092lvU375w8e3vk2N+MJ.0;server=GENERAL0100002D;cloudType=Consumer;environment=Prod_EastUS2_000e;migrationStage=NotStarted}
{"logTime": "0513/081633", "correlationVector":"lk5Q7UcxaTd2aw+M7XYWq5","action":"Normal GetUpdate request", "result":"", "context":cV=lk5Q7UcxaTd2aw+M7XYWq5
Notified types: Preferences}
{"logTime": "0513/081633", "correlationVector":"lk5Q7UcxaTd2aw+M7XYWq5.1","action":"SyncServerConnectionManagerRequest", "result":"SYNC_SERVER_OK", "context":{"environment":"Prod_EastUS2_000e", "migrationStage":"NotStarted", "server":"GENERAL0100002Q"}}
{"logTime": "0513/081633", "correlationVector":"lk5Q7UcxaTd2aw+M7XYWq5.2","action":"GetUpdates Response", "result":"Success", "context":Received 1 update(s). cV=lk5Q7UcxaTd2aw+M7XYWq5.0;server=GENERAL0100002Q;cloudType=Consumer;environment=Prod_EastUS2_000e;migrationStage=NotStarted}
{"logTime": "0513/081845", "correlationVector":"Bi04URhuRR+cVzN7BnMqrb","action":"Commit Request", "result":"", "context":Item count: 1
Contributing types: Preferences}
{"logTime": "0513/081846", "correlationVector":"Bi04URhuRR+cVzN7BnMqrb.1","action":"SyncServerConnectionManagerRequest", "result":"SYNC_SERVER_OK", "context":{"environment":"Prod_EastUS2_000e", "migrationStage":"NotStarted", "server":"GENERAL01000011"}}
{"logTime": "0513/081846", "correlationVector":"Bi04URhuRR+cVzN7BnMqrb.2","action":"Commit Response", "result":"Success", "context":Result: Success. cV=Bi04URhuRR+cVzN7BnMqrb.0;server=GENERAL01000011;cloudType=Consumer;environment=Prod_EastUS2_000e;migrationStage=NotStarted}
{"logTime": "0513/082020", "correlationVector":"kvaFcK+IYIyOBNUTUIdr7W","action":"Normal GetUpdate request", "result":"", "context":cV=kvaFcK+IYIyOBNUTUIdr7W
Refresh requested types: Bookmarks, Preferences, Passwords, Autofill Profiles, Autofill, Typed URLs, Extensions, Sessions, Extension settings, History Delete Directives, Device Info, User Consents, Send Tab To Self, Web Apps, Collection, Edge E Drop, Edge Hub App Usage, Edge Tab Group, Edge Wallet, Encryption Keys}
{"logTime": "0513/082021", "correlationVector":"kvaFcK+IYIyOBNUTUIdr7W.1","action":"SyncServerConnectionManagerRequest", "result":"SYNC_SERVER_OK", "context":{"environment":"Prod_EastUS2_000e", "migrationStage":"NotStarted", "server":"GENERAL01000019"}}
{"logTime": "0513/082021", "correlationVector":"kvaFcK+IYIyOBNUTUIdr7W.2","action":"GetUpdates Response", "result":"Success", "context":Received 1 update(s). cV=kvaFcK+IYIyOBNUTUIdr7W.0;server=GENERAL01000019;cloudType=Consumer;environment=Prod_EastUS2_000e;migrationStage=NotStarted}
{"logTime": "0513/082202", "correlationVector":"Ck/geLLGHkKiQXF7yRWCQ4","action":"Commit Request", "result":"", "context":Item count: 1
Contributing types: Sessions}
{"logTime": "0513/082202", "correlationVector":"Ck/geLLGHkKiQXF7yRWCQ4.1","action":"SyncServerConnectionManagerRequest", "result":"SYNC_SERVER_OK", "context":{"environment":"Prod_EastUS2_000e", "migrationStage":"NotStarted", "server":"GENERAL0100001P"}}
{"logTime": "0513/082202", "correlationVector":"Ck/geLLGHkKiQXF7yRWCQ4.2","action":"Commit Response", "result":"Success", "context":Result: Success. cV=Ck/geLLGHkKiQXF7yRWCQ4.0;server=GENERAL0100001P;cloudType=Consumer;environment=Prod_EastUS2_000e;migrationStage=NotStarted}
{"logTime": "0513/082230", "correlationVector":"NUB+e9NJdE1+WXR2oVCdfJ","action":"Commit Request", "result":"", "context":Item count: 1
Contributing types: Preferences}
{"logTime": "0513/082230", "correlationVector":"NUB+e9NJdE1+WXR2oVCdfJ.1","action":"SyncServerConnectionManagerRequest", "result":"SYNC_SERVER_OK", "context":{"environment":"Prod_EastUS2_000e", "migrationStage":"NotStarted", "server":"GENERAL0100000G"}}
{"logTime": "0513/082230", "correlationVector":"NUB+e9NJdE1+WXR2oVCdfJ.2","action":"Commit Response", "result":"Success", "context":Result: Success. cV=NUB+e9NJdE1+WXR2oVCdfJ.0;server=GENERAL0100000G;cloudType=Consumer;environment=Prod_EastUS2_000e;migrationStage=NotStarted}
{"logTime": "0513/082400", "correlationVector":"Yo3kM1ODdwhD1RZDbHXP4R","action":"Commit Request", "result":"", "context":Item count: 1
Contributing types: Sessions}
{"logTime": "0513/082401", "correlationVector":"Yo3kM1ODdwhD1RZDbHXP4R.1","action":"SyncServerConnectionManagerRequest", "result":"SYNC_SERVER_OK", "context":{"environment":"Prod_EastUS2_000e", "migrationStage":"NotStarted", "server":"GENERAL0100000T"}}
{"logTime": "0513/082401", "correlationVector":"Yo3kM1ODdwhD1RZDbHXP4R.2","action":"Commit Response", "result":"Success", "context":Result: Success. cV=Yo3kM1ODdwhD1RZDbHXP4R.0;server=GENERAL0100000T;cloudType=Consumer;environment=Prod_EastUS2_000e;migrationStage=NotStarted}
{"logTime": "0513/083101", "correlationVector":"up9qMdnqq0ybqVOgNgUyFB","action":"Commit Request", "result":"", "context":Item count: 1
Contributing types: Sessions}
{"logTime": "0513/083101", "correlationVector":"up9qMdnqq0ybqVOgNgUyFB.1","action":"SyncServerConnectionManagerRequest", "result":"SYNC_SERVER_OK", "context":{"environment":"Prod_EastUS2_000e", "migrationStage":"NotStarted", "server":"GENERAL01000033"}}
{"logTime": "0513/083101", "correlationVector":"up9qMdnqq0ybqVOgNgUyFB.2","action":"Commit Response", "result":"Success", "context":Result: Success. cV=up9qMdnqq0ybqVOgNgUyFB.0;server=GENERAL01000033;cloudType=Consumer;environment=Prod_EastUS2_000e;migrationStage=NotStarted}
{"logTime": "0513/083146", "correlationVector":"Bocqp02sxOhj6yzs2sxOLz","action":"Commit Request", "result":"", "context":Item count: 2
Contributing types: Preferences, Sessions}
{"logTime": "0513/083146", "correlationVector":"Bocqp02sxOhj6yzs2sxOLz.1","action":"SyncServerConnectionManagerRequest", "result":"SYNC_SERVER_OK", "context":{"environment":"Prod_EastUS2_000e", "migrationStage":"NotStarted", "server":"GENERAL0100001Z"}}
{"logTime": "0513/083146", "correlationVector":"Bocqp02sxOhj6yzs2sxOLz.2","action":"Commit Response", "result":"Success", "context":Result: Success. cV=Bocqp02sxOhj6yzs2sxOLz.0;server=GENERAL0100001Z;cloudType=Consumer;environment=Prod_EastUS2_000e;migrationStage=NotStarted}
{"logTime": "0513/083150", "correlationVector":"yc1wl/wmLggZc+tdV5js8c","action":"Normal GetUpdate request", "result":"", "context":cV=yc1wl/wmLggZc+tdV5js8c
Notified types: Preferences}
{"logTime": "0513/083150", "correlationVector":"yc1wl/wmLggZc+tdV5js8c.1","action":"SyncServerConnectionManagerRequest", "result":"SYNC_SERVER_OK", "context":{"environment":"Prod_EastUS2_000e", "migrationStage":"NotStarted", "server":"GENERAL0100000A"}}
{"logTime": "0513/083150", "correlationVector":"yc1wl/wmLggZc+tdV5js8c.2","action":"GetUpdates Response", "result":"Success", "context":Received 2 update(s). cV=yc1wl/wmLggZc+tdV5js8c.0;server=GENERAL0100000A;cloudType=Consumer;environment=Prod_EastUS2_000e;migrationStage=NotStarted}
{"logTime": "0513/084036", "correlationVector":"UbQTaMLJGXB3US1ryDwosH","action":"Commit Request", "result":"", "context":Item count: 1
Contributing types: Preferences}
{"logTime": "0513/084036", "correlationVector":"UbQTaMLJGXB3US1ryDwosH.1","action":"SyncServerConnectionManagerRequest", "result":"SYNC_SERVER_OK", "context":{"environment":"Prod_EastUS2_000e", "migrationStage":"NotStarted", "server":"GENERAL0100000G"}}
{"logTime": "0513/084036", "correlationVector":"UbQTaMLJGXB3US1ryDwosH.2","action":"Commit Response", "result":"Success", "context":Result: Success. cV=UbQTaMLJGXB3US1ryDwosH.0;server=GENERAL0100000G;cloudType=Consumer;environment=Prod_EastUS2_000e;migrationStage=NotStarted}
{"logTime": "0513/084036", "correlationVector":"UbQTaMLJGXB3US1ryDwosH.3","action":"Commit.Preferences", "result":"Conflict", "context":{"id":"51dad610-85da-4870-842f-3bf370b6b5be", "isDeleted":"false", "size":"293", "version":"1715589106442"}}
{"logTime": "0513/084037", "correlationVector":"IUCxSorEdi++7p53KOE5SB","action":"Normal GetUpdate request", "result":"", "context":cV=IUCxSorEdi++7p53KOE5SB
Nudged types: Preferences
Notified types: Preferences}
{"logTime": "0513/084037", "correlationVector":"IUCxSorEdi++7p53KOE5SB.1","action":"SyncServerConnectionManagerRequest", "result":"SYNC_SERVER_OK", "context":{"environment":"Prod_EastUS2_000e", "migrationStage":"NotStarted", "server":"GENERAL01000039"}}
{"logTime": "0513/084037", "correlationVector":"IUCxSorEdi++7p53KOE5SB.2","action":"GetUpdates Response", "result":"Success", "context":Received 2 update(s). cV=IUCxSorEdi++7p53KOE5SB.0;server=GENERAL01000039;cloudType=Consumer;environment=Prod_EastUS2_000e;migrationStage=NotStarted}
{"logTime": "0513/084046", "correlationVector":"t+KKmfiz5JI1ErdJx9Dqut","action":"Normal GetUpdate request", "result":"", "context":cV=t+KKmfiz5JI1ErdJx9Dqut
Notified types: Preferences}
{"logTime": "0513/084046", "correlationVector":"t+KKmfiz5JI1ErdJx9Dqut.1","action":"SyncServerConnectionManagerRequest", "result":"SYNC_SERVER_OK", "context":{"environment":"Prod_EastUS2_000e", "migrationStage":"NotStarted", "server":"GENERAL01000033"}}
{"logTime": "0513/084046", "correlationVector":"t+KKmfiz5JI1ErdJx9Dqut.2","action":"GetUpdates Response", "result":"Success", "context":Received 1 update(s). cV=t+KKmfiz5JI1ErdJx9Dqut.0;server=GENERAL01000033;cloudType=Consumer;environment=Prod_EastUS2_000e;migrationStage=NotStarted}
{"logTime": "0513/084145", "correlationVector":"Bbbif79aGhLTtlAINoXGYV","action":"Commit Request", "result":"", "context":Item count: 2
Contributing types: Preferences, Sessions}
{"logTime": "0513/084146", "correlationVector":"Bbbif79aGhLTtlAINoXGYV.1","action":"SyncServerConnectionManagerRequest", "result":"SYNC_SERVER_OK", "context":{"environment":"Prod_EastUS2_000e", "migrationStage":"NotStarted", "server":"GENERAL01000004"}}
{"logTime": "0513/084146", "correlationVector":"Bbbif79aGhLTtlAINoXGYV.2","action":"Commit Response", "result":"Success", "context":Result: Success. cV=Bbbif79aGhLTtlAINoXGYV.0;server=GENERAL01000004;cloudType=Consumer;environment=Prod_EastUS2_000e;migrationStage=NotStarted}
{"logTime": "0513/084156", "correlationVector":"widfj8poJr9qIGZegtWY8t","action":"Normal GetUpdate request", "result":"", "context":cV=widfj8poJr9qIGZegtWY8t
Notified types: Preferences}
{"logTime": "0513/084156", "correlationVector":"widfj8poJr9qIGZegtWY8t.1","action":"SyncServerConnectionManagerRequest", "result":"SYNC_SERVER_OK", "context":{"environment":"Prod_EastUS2_000e", "migrationStage":"NotStarted", "server":"GENERAL0100000O"}}
{"logTime": "0513/084156", "correlationVector":"widfj8poJr9qIGZegtWY8t.2","action":"GetUpdates Response", "result":"Success", "context":Received 2 update(s). cV=widfj8poJr9qIGZegtWY8t.0;server=GENERAL0100000O;cloudType=Consumer;environment=Prod_EastUS2_000e;migrationStage=NotStarted}
{"logTime": "0513/084216", "correlationVector":"nQhPsww/pSfH7yGawGCUUI","action":"Normal GetUpdate request", "result":"", "context":cV=nQhPsww/pSfH7yGawGCUUI
Nudged types: Preferences
Notified types: Preferences}
{"logTime": "0513/084216", "correlationVector":"nQhPsww/pSfH7yGawGCUUI.1","action":"SyncServerConnectionManagerRequest", "result":"SYNC_SERVER_OK", "context":{"environment":"Prod_EastUS2_000e", "migrationStage":"NotStarted", "server":"GENERAL0100001L"}}
{"logTime": "0513/084216", "correlationVector":"nQhPsww/pSfH7yGawGCUUI.2","action":"GetUpdates Response", "result":"Success", "context":Received 1 update(s). cV=nQhPsww/pSfH7yGawGCUUI.0;server=GENERAL0100001L;cloudType=Consumer;environment=Prod_EastUS2_000e;migrationStage=NotStarted}
{"logTime": "0513/084315", "correlationVector":"7FnptGQUAobwEEdjYFOtBy","action":"Commit Request", "result":"", "context":Item count: 1
Contributing types: Sessions}
{"logTime": "0513/084316", "correlationVector":"7FnptGQUAobwEEdjYFOtBy.1","action":"SyncServerConnectionManagerRequest", "result":"SYNC_SERVER_OK", "context":{"environment":"Prod_EastUS2_000e", "migrationStage":"NotStarted", "server":"GENERAL0100001H"}}
{"logTime": "0513/084316", "correlationVector":"7FnptGQUAobwEEdjYFOtBy.2","action":"Commit Response", "result":"Success", "context":Result: Success. cV=7FnptGQUAobwEEdjYFOtBy.0;server=GENERAL0100001H;cloudType=Consumer;environment=Prod_EastUS2_000e;migrationStage=NotStarted}
{"logTime": "0513/084321", "correlationVector":"yU2AE7ATdTKychyYuR8XuK","action":"Normal GetUpdate request", "result":"", "context":cV=yU2AE7ATdTKychyYuR8XuK
Notified types: Preferences}
{"logTime": "0513/084321", "correlationVector":"yU2AE7ATdTKychyYuR8XuK.1","action":"SyncServerConnectionManagerRequest", "result":"SYNC_SERVER_OK", "context":{"environment":"Prod_EastUS2_000e", "migrationStage":"NotStarted", "server":"GENERAL0100002F"}}
{"logTime": "0513/084321", "correlationVector":"yU2AE7ATdTKychyYuR8XuK.2","action":"GetUpdates Response", "result":"Success", "context":Received 2 update(s). cV=yU2AE7ATdTKychyYuR8XuK.0;server=GENERAL0100002F;cloudType=Consumer;environment=Prod_EastUS2_000e;migrationStage=NotStarted}
{"logTime": "0513/164949", "correlationVector":"nEwsrZwDNNaAaNXuFUNStP.1","action":"SyncServerConnectionManagerRequest", "result":"SYNC_SERVER_OK", "context":{"environment":"Prod_EastUS_000w", "migrationStage":"NotStarted", "server":"GENERAL02000033"}}
{"logTime": "0513/164949", "correlationVector":"nEwsrZwDNNaAaNXuFUNStP","action":"Initial GetUpdates", "result":"", "context":Reason: NEW_CLIENT. cV=nEwsrZwDNNaAaNXuFUNStP}
{"logTime": "0513/164949", "correlationVector":"nEwsrZwDNNaAaNXuFUNStP.2","action":"GetUpdates Response", "result":"Success", "context":Received 1 update(s). cV=nEwsrZwDNNaAaNXuFUNStP.0;server=GENERAL02000033;cloudType=Consumer;environment=Prod_EastUS_000w;migrationStage=NotStarted}
{"logTime": "0513/164949", "correlationVector":"vljG41R06GFQNoGya5JHHc","action":"Initial GetUpdates", "result":"", "context":Reason: NEWLY_SUPPORTED_DATATYPE. cV=vljG41R06GFQNoGya5JHHc}
{"logTime": "0513/164949", "correlationVector":"vljG41R06GFQNoGya5JHHc.1","action":"SyncServerConnectionManagerRequest", "result":"SYNC_SERVER_OK", "context":{"environment":"Prod_EastUS_000w", "migrationStage":"NotStarted", "server":"GENERAL11000005"}}
{"logTime": "0513/164949", "correlationVector":"vljG41R06GFQNoGya5JHHc.2","action":"GetUpdates", "result":"DeleteReceived", "context":{"id":"d5414ee9-a08b-4a99-904d-5b8a0a925119", "isDeleted:":"true", "version":"1692060837289"}}
{"logTime": "0513/164949", "correlationVector":"vljG41R06GFQNoGya5JHHc.3","action":"GetUpdates", "result":"DeleteReceived", "context":{"id":"2c5dd0f8-d8be-4ada-818b-c4dbd914fd0c", "isDeleted:":"true", "version":"1694657739363"}}
{"logTime": "0513/164949", "correlationVector":"vljG41R06GFQNoGya5JHHc.4","action":"GetUpdates", "result":"DeleteReceived", "context":{"id":"c805b670-bd9a-4378-a245-2a826dbfa218", "isDeleted:":"true", "version":"1697653945283"}}
{"logTime": "0513/164949", "correlationVector":"vljG41R06GFQNoGya5JHHc.5","action":"GetUpdates", "result":"DeleteReceived", "context":{"id":"216ab9bb-a3bf-4471-8d20-e11fc71dd2b4", "isDeleted:":"true", "version":"1713544397797"}}
{"logTime": "0513/164949", "correlationVector":"vljG41R06GFQNoGya5JHHc.6","action":"GetUpdates", "result":"DeleteReceived", "context":{"id":"3be8bfc9-4f54-4b89-9390-f453b852c7e8", "isDeleted:":"true", "version":"1713544397799"}}
{"logTime": "0513/164949", "correlationVector":"vljG41R06GFQNoGya5JHHc.7","action":"GetUpdates", "result":"DeleteReceived", "context":{"id":"5f9f8600-eceb-47c5-8071-ec414a05cb37", "isDeleted:":"true", "version":"1713544397800"}}
{"logTime": "0513/164949", "correlationVector":"vljG41R06GFQNoGya5JHHc.8","action":"GetUpdates", "result":"DeleteReceived", "context":{"id":"93e30d5f-38dd-4f0a-87e4-2c6ddb7690f0", "isDeleted:":"true", "version":"1713544397801"}}
{"logTime": "0513/164949", "correlationVector":"vljG41R06GFQNoGya5JHHc.9","action":"GetUpdates Response", "result":"Success", "context":Received 208 update(s). cV=vljG41R06GFQNoGya5JHHc.0;server=GENERAL11000005;cloudType=Consumer;environment=Prod_EastUS_000w;migrationStage=NotStarted}
{"logTime": "0513/164949", "correlationVector":"JdCOEk7ngPVphvA5NxzmkR","action":"SyncServerConnectionManagerRequest", "result":"SYNC_SERVER_OK", "context":{"environment":"", "migrationStage":"", "server":""}}
{"logTime": "0513/164949", "correlationVector":"8dzqRDOuCx/5UYMleqnHQN","action":"Initial GetUpdates", "result":"", "context":Reason: NEWLY_SUPPORTED_DATATYPE. cV=8dzqRDOuCx/5UYMleqnHQN}
{"logTime": "0513/164949", "correlationVector":"8dzqRDOuCx/5UYMleqnHQN.1","action":"SyncServerConnectionManagerRequest", "result":"SYNC_SERVER_OK", "context":{"environment":"Prod_EastUS_000w", "migrationStage":"NotStarted", "server":"GENERAL1100002S"}}
{"logTime": "0513/164949", "correlationVector":"8dzqRDOuCx/5UYMleqnHQN.2","action":"GetUpdates Response", "result":"Success", "context":Received 0 update(s). cV=8dzqRDOuCx/5UYMleqnHQN.0;server=GENERAL1100002S;cloudType=Consumer;environment=Prod_EastUS_000w;migrationStage=NotStarted}
{"logTime": "0513/164949", "correlationVector":"d5Ok6L+eqD0MQG7M5AEJtB","action":"Normal GetUpdate request", "result":"", "context":cV=d5Ok6L+eqD0MQG7M5AEJtB
Nudged types: Sessions
Refresh requested types: Bookmarks, Preferences, Passwords, Autofill Profiles, Autofill, Typed URLs, Extensions, Sessions, Extension settings, History Delete Directives, Device Info, User Consents, Send Tab To Self, Web Apps, Collection, Edge E Drop, Edge Hub App Usage, Edge Tab Group, Edge Wallet, Encryption Keys}
{"logTime": "0513/164949", "correlationVector":"d5Ok6L+eqD0MQG7M5AEJtB.1","action":"SyncServerConnectionManagerRequest", "result":"SYNC_SERVER_OK", "context":{"environment":"Prod_EastUS_000w", "migrationStage":"NotStarted", "server":"GENERAL11000032"}}
{"logTime": "0513/164949", "correlationVector":"d5Ok6L+eqD0MQG7M5AEJtB.2","action":"GetUpdates", "result":"DeleteReceived", "context":{"id":"46e70c47-4f27-4553-b40a-ce17cca7db1d", "isDeleted:":"true", "version":"1715616712597"}}
{"logTime": "0513/164949", "correlationVector":"d5Ok6L+eqD0MQG7M5AEJtB.3","action":"GetUpdates", "result":"DeleteReceived", "context":{"id":"755cf64d-63df-46e6-a263-95225cead3ab", "isDeleted:":"true", "version":"1715618767546"}}
{"logTime": "0513/164949", "correlationVector":"d5Ok6L+eqD0MQG7M5AEJtB.4","action":"GetUpdates Response", "result":"Success", "context":Received 7 update(s). cV=d5Ok6L+eqD0MQG7M5AEJtB.0;server=GENERAL11000032;cloudType=Consumer;environment=Prod_EastUS_000w;migrationStage=NotStarted}
{"logTime": "0513/164949", "correlationVector":"avh+/1mdBDX2LMSoMfdt2x","action":"Normal GetUpdate request", "result":"", "context":cV=avh+/1mdBDX2LMSoMfdt2x
Nudged types: Passwords}
{"logTime": "0513/164949", "correlationVector":"avh+/1mdBDX2LMSoMfdt2x.1","action":"SyncServerConnectionManagerRequest", "result":"SYNC_SERVER_OK", "context":{"environment":"Prod_EastUS2_000e", "migrationStage":"NotStarted", "server":"GENERAL01000035"}}
{"logTime": "0513/164949", "correlationVector":"avh+/1mdBDX2LMSoMfdt2x.2","action":"GetUpdates Response", "result":"Success", "context":Received 0 update(s). cV=avh+/1mdBDX2LMSoMfdt2x.0;server=GENERAL01000035;cloudType=Consumer;environment=Prod_EastUS2_000e;migrationStage=NotStarted}
{"logTime": "0513/164949", "correlationVector":"7uuclZQGLVJZPF9ChUeJX+","action":"Commit Request", "result":"", "context":Item count: 6
Contributing types: Passwords}
{"logTime": "0513/164950", "correlationVector":"7uuclZQGLVJZPF9ChUeJX+.1","action":"SyncServerConnectionManagerRequest", "result":"SYNC_SERVER_OK", "context":{"environment":"Prod_EastUS2_000e", "migrationStage":"NotStarted", "server":"GENERAL0100001V"}}
{"logTime": "0513/164950", "correlationVector":"7uuclZQGLVJZPF9ChUeJX+.2","action":"Commit Response", "result":"Success", "context":Result: Success. cV=7uuclZQGLVJZPF9ChUeJX+.0;server=GENERAL0100001V;cloudType=Consumer;environment=Prod_EastUS2_000e;migrationStage=NotStarted}
{"logTime": "0513/164956", "correlationVector":"y6LMl5lo7nFroHIMJTpp5C","action":"Commit Request", "result":"", "context":Item count: 3
Contributing types: Preferences, Sessions}
{"logTime": "0513/164957", "correlationVector":"y6LMl5lo7nFroHIMJTpp5C.1","action":"SyncServerConnectionManagerRequest", "result":"SYNC_SERVER_OK", "context":{"environment":"Prod_EastUS2_000e", "migrationStage":"NotStarted", "server":"GENERAL0100001B"}}
{"logTime": "0513/164957", "correlationVector":"y6LMl5lo7nFroHIMJTpp5C.2","action":"Commit Response", "result":"Success", "context":Result: Success. cV=y6LMl5lo7nFroHIMJTpp5C.0;server=GENERAL0100001B;cloudType=Consumer;environment=Prod_EastUS2_000e;migrationStage=NotStarted}
{"logTime": "0513/165022", "correlationVector":"B7vpB0Xjj07MLrh22VMTwQ","action":"Commit Request", "result":"", "context":Item count: 1
Contributing types: Preferences}
{"logTime": "0513/165023", "correlationVector":"B7vpB0Xjj07MLrh22VMTwQ.1","action":"SyncServerConnectionManagerRequest", "result":"SYNC_SERVER_OK", "context":{"environment":"Prod_EastUS2_000e", "migrationStage":"NotStarted", "server":"GENERAL0100002X"}}
{"logTime": "0513/165023", "correlationVector":"B7vpB0Xjj07MLrh22VMTwQ.2","action":"Commit Response", "result":"Success", "context":Result: Success. cV=B7vpB0Xjj07MLrh22VMTwQ.0;server=GENERAL0100002X;cloudType=Consumer;environment=Prod_EastUS2_000e;migrationStage=NotStarted}
{"logTime": "0513/165041", "correlationVector":"CDPT2gGxylSeUlG15hiTCf","action":"Commit Request", "result":"", "context":Item count: 1
Contributing types: Sessions}
{"logTime": "0513/165041", "correlationVector":"CDPT2gGxylSeUlG15hiTCf.1","action":"SyncServerConnectionManagerRequest", "result":"SYNC_SERVER_OK", "context":{"environment":"Prod_EastUS2_000e", "migrationStage":"NotStarted", "server":"GENERAL01000006"}}
{"logTime": "0513/165041", "correlationVector":"CDPT2gGxylSeUlG15hiTCf.2","action":"Commit Response", "result":"Success", "context":Result: Success. cV=CDPT2gGxylSeUlG15hiTCf.0;server=GENERAL01000006;cloudType=Consumer;environment=Prod_EastUS2_000e;migrationStage=NotStarted}
{"logTime": "0513/165112", "correlationVector":"I6+CL6n/9gy3x4oG9fLclF","action":"Commit Request", "result":"", "context":Item count: 1
Contributing types: Sessions}
{"logTime": "0513/165112", "correlationVector":"I6+CL6n/9gy3x4oG9fLclF.1","action":"SyncServerConnectionManagerRequest", "result":"SYNC_SERVER_OK", "context":{"environment":"Prod_EastUS2_000e", "migrationStage":"NotStarted", "server":"general01000012"}}
{"logTime": "0513/165112", "correlationVector":"I6+CL6n/9gy3x4oG9fLclF.2","action":"Commit Response", "result":"Success", "context":Result: Success. cV=I6+CL6n/9gy3x4oG9fLclF.0;server=general01000012;cloudType=Consumer;environment=Prod_EastUS2_000e;migrationStage=NotStarted}
{"logTime": "0513/165440", "correlationVector":"NDeMVqNSBOQSV3Vf45n5bb","action":"Normal GetUpdate request", "result":"", "context":cV=NDeMVqNSBOQSV3Vf45n5bb
Refresh requested types: Bookmarks, Preferences, Passwords, Autofill Profiles, Autofill, Typed URLs, Extensions, Sessions, Extension settings, History Delete Directives, Device Info, User Consents, Send Tab To Self, Web Apps, Collection, Edge E Drop, Edge Hub App Usage, Edge Tab Group, Edge Wallet, Encryption Keys}
{"logTime": "0513/165441", "correlationVector":"NDeMVqNSBOQSV3Vf45n5bb.1","action":"SyncServerConnectionManagerRequest", "result":"SYNC_SERVER_OK", "context":{"environment":"Prod_EastUS_000w", "migrationStage":"NotStarted", "server":"GENERAL1100001R"}}
{"logTime": "0513/165441", "correlationVector":"NDeMVqNSBOQSV3Vf45n5bb.2","action":"GetUpdates Response", "result":"Success", "context":Received 10 update(s). cV=NDeMVqNSBOQSV3Vf45n5bb.0;server=GENERAL1100001R;cloudType=Consumer;environment=Prod_EastUS_000w;migrationStage=NotStarted}
{"logTime": "0513/170446", "correlationVector":"PfozhSQ7uUvxZrw2z/UJju","action":"Commit Request", "result":"", "context":Item count: 1
Contributing types: Sessions}
{"logTime": "0513/170447", "correlationVector":"PfozhSQ7uUvxZrw2z/UJju.1","action":"SyncServerConnectionManagerRequest", "result":"SYNC_SERVER_OK", "context":{"environment":"Prod_EastUS2_000e", "migrationStage":"NotStarted", "server":"GENERAL0100001S"}}
{"logTime": "0513/170447", "correlationVector":"PfozhSQ7uUvxZrw2z/UJju.2","action":"Commit Response", "result":"Success", "context":Result: Success. cV=PfozhSQ7uUvxZrw2z/UJju.0;server=GENERAL0100001S;cloudType=Consumer;environment=Prod_EastUS2_000e;migrationStage=NotStarted}
{"logTime": "0513/170525", "correlationVector":"On4v0Ia5JYiHO3jkNgI1vm","action":"Commit Request", "result":"", "context":Item count: 1
Contributing types: Preferences}
{"logTime": "0513/170526", "correlationVector":"On4v0Ia5JYiHO3jkNgI1vm.1","action":"SyncServerConnectionManagerRequest", "result":"SYNC_SERVER_OK", "context":{"environment":"Prod_EastUS2_000e", "migrationStage":"NotStarted", "server":"GENERAL0100001N"}}
{"logTime": "0513/170526", "correlationVector":"On4v0Ia5JYiHO3jkNgI1vm.2","action":"Commit Response", "result":"Success", "context":Result: Success. cV=On4v0Ia5JYiHO3jkNgI1vm.0;server=GENERAL0100001N;cloudType=Consumer;environment=Prod_EastUS2_000e;migrationStage=NotStarted}
{"logTime": "0513/170618", "correlationVector":"ztz6kndyKxrAe1YO0Ta6YF","action":"Commit Request", "result":"", "context":Item count: 1
Contributing types: Sessions}
{"logTime": "0513/170619", "correlationVector":"ztz6kndyKxrAe1YO0Ta6YF.1","action":"SyncServerConnectionManagerRequest", "result":"SYNC_SERVER_OK", "context":{"environment":"Prod_EastUS2_000e", "migrationStage":"NotStarted", "server":"GENERAL0100000T"}}
{"logTime": "0513/170619", "correlationVector":"ztz6kndyKxrAe1YO0Ta6YF.2","action":"Commit Response", "result":"Success", "context":Result: Success. cV=ztz6kndyKxrAe1YO0Ta6YF.0;server=GENERAL0100000T;cloudType=Consumer;environment=Prod_EastUS2_000e;migrationStage=NotStarted}
{"logTime": "0513/171013", "correlationVector":"OWTze75g4G3VvbRRCVejU5","action":"Commit Request", "result":"", "context":Item count: 1
Contributing types: Preferences}
{"logTime": "0513/171014", "correlationVector":"OWTze75g4G3VvbRRCVejU5.1","action":"SyncServerConnectionManagerRequest", "result":"SYNC_SERVER_OK", "context":{"environment":"Prod_EastUS2_000e", "migrationStage":"NotStarted", "server":"GENERAL01000009"}}
{"logTime": "0513/171014", "correlationVector":"OWTze75g4G3VvbRRCVejU5.2","action":"Commit Response", "result":"Success", "context":Result: Success. cV=OWTze75g4G3VvbRRCVejU5.0;server=GENERAL01000009;cloudType=Consumer;environment=Prod_EastUS2_000e;migrationStage=NotStarted}
{"logTime": "0513/171019", "correlationVector":"gZ7wBIclfZKUaPWt5ie5i0","action":"Normal GetUpdate request", "result":"", "context":cV=gZ7wBIclfZKUaPWt5ie5i0
Notified types: Preferences}
{"logTime": "0513/171020", "correlationVector":"gZ7wBIclfZKUaPWt5ie5i0.1","action":"SyncServerConnectionManagerRequest", "result":"SYNC_SERVER_OK", "context":{"environment":"Prod_EastUS2_000e", "migrationStage":"NotStarted", "server":"GENERAL0100000T"}}
{"logTime": "0513/171020", "correlationVector":"gZ7wBIclfZKUaPWt5ie5i0.2","action":"GetUpdates Response", "result":"Success", "context":Received 2 update(s). cV=gZ7wBIclfZKUaPWt5ie5i0.0;server=GENERAL0100000T;cloudType=Consumer;environment=Prod_EastUS2_000e;migrationStage=NotStarted}
{"logTime": "0513/171717", "correlationVector":"c7eCeZEg4R6mHzomBx/JOs","action":"Commit Request", "result":"", "context":Item count: 1
Contributing types: Sessions}
{"logTime": "0513/171718", "correlationVector":"c7eCeZEg4R6mHzomBx/JOs.1","action":"SyncServerConnectionManagerRequest", "result":"SYNC_SERVER_OK", "context":{"environment":"Prod_EastUS2_000e", "migrationStage":"NotStarted", "server":"GENERAL0100000C"}}
{"logTime": "0513/171718", "correlationVector":"c7eCeZEg4R6mHzomBx/JOs.2","action":"Commit Response", "result":"Success", "context":Result: Success. cV=c7eCeZEg4R6mHzomBx/JOs.0;server=GENERAL0100000C;cloudType=Consumer;environment=Prod_EastUS2_000e;migrationStage=NotStarted}
{"logTime": "0513/171749", "correlationVector":"Zy7JZWPHgtQFXYhzP6+WGr","action":"Commit Request", "result":"", "context":Item count: 1
Contributing types: Sessions}
{"logTime": "0513/171750", "correlationVector":"Zy7JZWPHgtQFXYhzP6+WGr.1","action":"SyncServerConnectionManagerRequest", "result":"SYNC_SERVER_OK", "context":{"environment":"Prod_EastUS2_000e", "migrationStage":"NotStarted", "server":"GENERAL01000021"}}
{"logTime": "0513/171750", "correlationVector":"Zy7JZWPHgtQFXYhzP6+WGr.2","action":"Commit Response", "result":"Success", "context":Result: Success. cV=Zy7JZWPHgtQFXYhzP6+WGr.0;server=GENERAL01000021;cloudType=Consumer;environment=Prod_EastUS2_000e;migrationStage=NotStarted}
{"logTime": "0513/174718", "correlationVector":"LhrazkyyDg9eQ3tVcPeEbt.1","action":"SyncServerConnectionManagerRequest", "result":"SYNC_SERVER_OK", "context":{"environment":"Prod_EastUS_000w", "migrationStage":"NotStarted", "server":"GENERAL1100002A"}}
{"logTime": "0513/174718", "correlationVector":"LhrazkyyDg9eQ3tVcPeEbt","action":"Initial GetUpdates", "result":"", "context":Reason: NEW_CLIENT. cV=LhrazkyyDg9eQ3tVcPeEbt}
{"logTime": "0513/174718", "correlationVector":"LhrazkyyDg9eQ3tVcPeEbt.2","action":"GetUpdates Response", "result":"Success", "context":Received 1 update(s). cV=LhrazkyyDg9eQ3tVcPeEbt.0;server=GENERAL1100002A;cloudType=Consumer;environment=Prod_EastUS_000w;migrationStage=NotStarted}
{"logTime": "0513/174718", "correlationVector":"CwXsRf6DkL/YuH6uZGaSSc","action":"Initial GetUpdates", "result":"", "context":Reason: NEWLY_SUPPORTED_DATATYPE. cV=CwXsRf6DkL/YuH6uZGaSSc}
{"logTime": "0513/174723", "correlationVector":"CwXsRf6DkL/YuH6uZGaSSc.1","action":"SyncServerConnectionManagerRequest", "result":"SYNC_SERVER_OK", "context":{"environment":"Prod_EastUS_000w", "migrationStage":"NotStarted", "server":"GENERAL02000010"}}
{"logTime": "0513/174723", "correlationVector":"CwXsRf6DkL/YuH6uZGaSSc.2","action":"GetUpdates", "result":"DeleteReceived", "context":{"id":"d5414ee9-a08b-4a99-904d-5b8a0a925119", "isDeleted:":"true", "version":"1692060837289"}}
{"logTime": "0513/174723", "correlationVector":"CwXsRf6DkL/YuH6uZGaSSc.3","action":"GetUpdates", "result":"DeleteReceived", "context":{"id":"2c5dd0f8-d8be-4ada-818b-c4dbd914fd0c", "isDeleted:":"true", "version":"1694657739363"}}
{"logTime": "0513/174723", "correlationVector":"CwXsRf6DkL/YuH6uZGaSSc.4","action":"GetUpdates", "result":"DeleteReceived", "context":{"id":"c805b670-bd9a-4378-a245-2a826dbfa218", "isDeleted:":"true", "version":"1697653945283"}}
{"logTime": "0513/174723", "correlationVector":"CwXsRf6DkL/YuH6uZGaSSc.5","action":"GetUpdates", "result":"DeleteReceived", "context":{"id":"216ab9bb-a3bf-4471-8d20-e11fc71dd2b4", "isDeleted:":"true", "version":"1713544397797"}}
{"logTime": "0513/174723", "correlationVector":"CwXsRf6DkL/YuH6uZGaSSc.6","action":"GetUpdates", "result":"DeleteReceived", "context":{"id":"3be8bfc9-4f54-4b89-9390-f453b852c7e8", "isDeleted:":"true", "version":"1713544397799"}}
{"logTime": "0513/174723", "correlationVector":"CwXsRf6DkL/YuH6uZGaSSc.7","action":"GetUpdates", "result":"DeleteReceived", "context":{"id":"5f9f8600-eceb-47c5-8071-ec414a05cb37", "isDeleted:":"true", "version":"1713544397800"}}
{"logTime": "0513/174723", "correlationVector":"CwXsRf6DkL/YuH6uZGaSSc.8","action":"GetUpdates", "result":"DeleteReceived", "context":{"id":"93e30d5f-38dd-4f0a-87e4-2c6ddb7690f0", "isDeleted:":"true", "version":"1713544397801"}}
{"logTime": "0513/174723", "correlationVector":"CwXsRf6DkL/YuH6uZGaSSc.9","action":"GetUpdates Response", "result":"Success", "context":Received 208 update(s). cV=CwXsRf6DkL/YuH6uZGaSSc.0;server=GENERAL02000010;cloudType=Consumer;environment=Prod_EastUS_000w;migrationStage=NotStarted}
{"logTime": "0513/174723", "correlationVector":"EAvVPNEGrPayVkj6pEVq5G","action":"Initial GetUpdates", "result":"", "context":Reason: NEWLY_SUPPORTED_DATATYPE. cV=EAvVPNEGrPayVkj6pEVq5G}
{"logTime": "0513/174724", "correlationVector":"EAvVPNEGrPayVkj6pEVq5G.1","action":"SyncServerConnectionManagerRequest", "result":"SYNC_SERVER_OK", "context":{"environment":"Prod_EastUS2_000e", "migrationStage":"NotStarted", "server":"GENERAL0100001S"}}
{"logTime": "0513/174724", "correlationVector":"EAvVPNEGrPayVkj6pEVq5G.2","action":"GetUpdates Response", "result":"Success", "context":Received 0 update(s). cV=EAvVPNEGrPayVkj6pEVq5G.0;server=GENERAL0100001S;cloudType=Consumer;environment=Prod_EastUS2_000e;migrationStage=NotStarted}
{"logTime": "0513/174725", "correlationVector":"9ENU2m+h9PjmQKO0McN/MG","action":"SyncServerConnectionManagerRequest", "result":"SYNC_SERVER_OK", "context":{"environment":"", "migrationStage":"", "server":""}}
{"logTime": "0513/174725", "correlationVector":"k1v6M1MvDRn/gEfxA+Prls","action":"Normal GetUpdate request", "result":"", "context":cV=k1v6M1MvDRn/gEfxA+Prls
Nudged types: Sessions
Refresh requested types: Bookmarks, Preferences, Passwords, Autofill Profiles, Autofill, Typed URLs, Extensions, Sessions, Extension settings, History Delete Directives, Device Info, User Consents, Send Tab To Self, Web Apps, Collection, Edge E Drop, Edge Hub App Usage, Edge Tab Group, Edge Wallet, Encryption Keys}
{"logTime": "0513/174805", "correlationVector":"k1v6M1MvDRn/gEfxA+Prls","action":"SyncServerConnectionManagerRequest", "result":"CONNECTION_UNAVAILABLE", "context":{"error_type":"net_error_code", "error_value":"-7"}}
{"logTime": "0513/174805", "correlationVector":"nnk95VDs0IFRISX8GzIK6w.0","action":"GetUpdates Response", "result":"Network error (ERR_TIMED_OUT)", "context":Received error: Network error (ERR_TIMED_OUT). }
{"logTime": "0513/174850", "correlationVector":"bBYaKFHY8LjLO89TtVeCDS","action":"Normal GetUpdate request", "result":"", "context":cV=bBYaKFHY8LjLO89TtVeCDS
Nudged types: Preferences, Sessions
Notified types: Preferences
Refresh requested types: Bookmarks, Preferences, Passwords, Autofill Profiles, Autofill, Typed URLs, Extensions, Sessions, Extension settings, History Delete Directives, Device Info, User Consents, Send Tab To Self, Web Apps, Collection, Edge E Drop, Edge Hub App Usage, Edge Tab Group, Edge Wallet, Encryption Keys}
{"logTime": "0513/174851", "correlationVector":"bBYaKFHY8LjLO89TtVeCDS.1","action":"SyncServerConnectionManagerRequest", "result":"SYNC_SERVER_OK", "context":{"environment":"Prod_EastUS_000w", "migrationStage":"NotStarted", "server":"GENERAL1100000N"}}
{"logTime": "0513/174851", "correlationVector":"bBYaKFHY8LjLO89TtVeCDS.2","action":"GetUpdates", "result":"DeleteReceived", "context":{"id":"679bdc16-dda0-42b7-a773-cc19609d64d5", "isDeleted:":"true", "version":"1715620748986"}}
{"logTime": "0513/174851", "correlationVector":"bBYaKFHY8LjLO89TtVeCDS.3","action":"GetUpdates Response", "result":"Success", "context":Received 5 update(s). cV=bBYaKFHY8LjLO89TtVeCDS.0;server=GENERAL1100000N;cloudType=Consumer;environment=Prod_EastUS_000w;migrationStage=NotStarted}
{"logTime": "0513/175047", "correlationVector":"qVPkCqCwt0Kxt40Xzl7J6h","action":"Commit Request", "result":"", "context":Item count: 2
Contributing types: Sessions}
{"logTime": "0513/175048", "correlationVector":"qVPkCqCwt0Kxt40Xzl7J6h.1","action":"SyncServerConnectionManagerRequest", "result":"SYNC_SERVER_OK", "context":{"environment":"Prod_EastUS_000w", "migrationStage":"NotStarted", "server":"GENERAL0200002C"}}
{"logTime": "0513/175048", "correlationVector":"qVPkCqCwt0Kxt40Xzl7J6h.2","action":"Commit Response", "result":"Success", "context":Result: Success. cV=qVPkCqCwt0Kxt40Xzl7J6h.0;server=GENERAL0200002C;cloudType=Consumer;environment=Prod_EastUS_000w;migrationStage=NotStarted}
{"logTime": "0513/175129", "correlationVector":"7VMNHzStm7FyeAowNvE/ms","action":"Commit Request", "result":"", "context":Item count: 5
Contributing types: Preferences, Sessions}
{"logTime": "0513/175129", "correlationVector":"7VMNHzStm7FyeAowNvE/ms.1","action":"SyncServerConnectionManagerRequest", "result":"SYNC_SERVER_OK", "context":{"environment":"Prod_EastUS2_000e", "migrationStage":"NotStarted", "server":"GENERAL0100002Y"}}
{"logTime": "0513/175129", "correlationVector":"7VMNHzStm7FyeAowNvE/ms.2","action":"Commit Response", "result":"Success", "context":Result: Success. cV=7VMNHzStm7FyeAowNvE/ms.0;server=GENERAL0100002Y;cloudType=Consumer;environment=Prod_EastUS2_000e;migrationStage=NotStarted}
{"logTime": "0513/175202", "correlationVector":"IQ4qDQC6DFMbTrlXmwJ31s","action":"Commit Request", "result":"", "context":Item count: 2
Contributing types: Sessions}
{"logTime": "0513/175202", "correlationVector":"IQ4qDQC6DFMbTrlXmwJ31s.1","action":"SyncServerConnectionManagerRequest", "result":"SYNC_SERVER_OK", "context":{"environment":"Prod_EastUS_000w", "migrationStage":"NotStarted", "server":"GENERAL11000027"}}
{"logTime": "0513/175202", "correlationVector":"IQ4qDQC6DFMbTrlXmwJ31s.2","action":"Commit Response", "result":"Success", "context":Result: Success. cV=IQ4qDQC6DFMbTrlXmwJ31s.0;server=GENERAL11000027;cloudType=Consumer;environment=Prod_EastUS_000w;migrationStage=NotStarted}
{"logTime": "0513/175205", "correlationVector":"+Vs3dScoxOshZRYVvU112c","action":"Normal GetUpdate request", "result":"", "context":cV=+Vs3dScoxOshZRYVvU112c
Refresh requested types: Bookmarks, Preferences, Passwords, Autofill Profiles, Autofill, Typed URLs, Extensions, Sessions, Extension settings, History Delete Directives, Device Info, User Consents, Send Tab To Self, Web Apps, Collection, Edge E Drop, Edge Hub App Usage, Edge Tab Group, Edge Wallet, Encryption Keys}
{"logTime": "0513/175206", "correlationVector":"+Vs3dScoxOshZRYVvU112c.1","action":"SyncServerConnectionManagerRequest", "result":"SYNC_SERVER_OK", "context":{"environment":"Prod_EastUS_000w", "migrationStage":"NotStarted", "server":"GENERAL1100002Z"}}
{"logTime": "0513/175206", "correlationVector":"+Vs3dScoxOshZRYVvU112c.2","action":"GetUpdates Response", "result":"Success", "context":Received 6 update(s). cV=+Vs3dScoxOshZRYVvU112c.0;server=GENERAL1100002Z;cloudType=Consumer;environment=Prod_EastUS_000w;migrationStage=NotStarted}
{"logTime": "0513/175245", "correlationVector":"cXWHlcXlLes2m9yPCBXvkR","action":"Commit Request", "result":"", "context":Item count: 2
Contributing types: Sessions}
{"logTime": "0513/175246", "correlationVector":"cXWHlcXlLes2m9yPCBXvkR.1","action":"SyncServerConnectionManagerRequest", "result":"SYNC_SERVER_OK", "context":{"environment":"Prod_EastUS2_000e", "migrationStage":"NotStarted", "server":"GENERAL0100002W"}}
{"logTime": "0513/175246", "correlationVector":"cXWHlcXlLes2m9yPCBXvkR.2","action":"Commit Response", "result":"Success", "context":Result: Success. cV=cXWHlcXlLes2m9yPCBXvkR.0;server=GENERAL0100002W;cloudType=Consumer;environment=Prod_EastUS2_000e;migrationStage=NotStarted}
{"logTime": "0513/175548", "correlationVector":"IQmxoqxaBMlc0e4+1tDsPf","action":"Normal GetUpdate request", "result":"", "context":cV=IQmxoqxaBMlc0e4+1tDsPf
Notified types: Preferences}
{"logTime": "0513/175548", "correlationVector":"IQmxoqxaBMlc0e4+1tDsPf.1","action":"SyncServerConnectionManagerRequest", "result":"SYNC_SERVER_OK", "context":{"environment":"Prod_EastUS_000w", "migrationStage":"NotStarted", "server":"GENERAL11000027"}}
{"logTime": "0513/175548", "correlationVector":"IQmxoqxaBMlc0e4+1tDsPf.2","action":"GetUpdates Response", "result":"Success", "context":Received 3 update(s). cV=IQmxoqxaBMlc0e4+1tDsPf.0;server=GENERAL11000027;cloudType=Consumer;environment=Prod_EastUS_000w;migrationStage=NotStarted}
{"logTime": "0513/175705", "correlationVector":"XPVdh01ab5YdjXc7mr4iTP","action":"Normal GetUpdate request", "result":"", "context":cV=XPVdh01ab5YdjXc7mr4iTP
Refresh requested types: Bookmarks, Preferences, Passwords, Autofill Profiles, Autofill, Typed URLs, Extensions, Sessions, Extension settings, History Delete Directives, Device Info, User Consents, Send Tab To Self, Web Apps, Collection, Edge E Drop, Edge Hub App Usage, Edge Tab Group, Edge Wallet, Encryption Keys}
{"logTime": "0513/175706", "correlationVector":"XPVdh01ab5YdjXc7mr4iTP.1","action":"SyncServerConnectionManagerRequest", "result":"SYNC_SERVER_OK", "context":{"environment":"Prod_EastUS2_000e", "migrationStage":"NotStarted", "server":"GENERAL01000039"}}
{"logTime": "0513/175706", "correlationVector":"XPVdh01ab5YdjXc7mr4iTP.2","action":"GetUpdates Response", "result":"Success", "context":Received 0 update(s). cV=XPVdh01ab5YdjXc7mr4iTP.0;server=GENERAL01000039;cloudType=Consumer;environment=Prod_EastUS2_000e;migrationStage=NotStarted}
{"logTime": "0517/014319", "correlationVector":"XsEbCdpqpRHo8dSqYiuVoS.1","action":"SyncServerConnectionManagerRequest", "result":"SYNC_SERVER_OK", "context":{"environment":"Prod_EastUS2_000e", "migrationStage":"NotStarted", "server":"GENERAL01000017"}}
{"logTime": "0517/014319", "correlationVector":"XsEbCdpqpRHo8dSqYiuVoS","action":"Initial GetUpdates", "result":"", "context":Reason: NEW_CLIENT. cV=XsEbCdpqpRHo8dSqYiuVoS}
{"logTime": "0517/014319", "correlationVector":"XsEbCdpqpRHo8dSqYiuVoS.2","action":"GetUpdates Response", "result":"Success", "context":Received 1 update(s). cV=XsEbCdpqpRHo8dSqYiuVoS.0;server=GENERAL01000017;cloudType=Consumer;environment=Prod_EastUS2_000e;migrationStage=NotStarted}
{"logTime": "0517/014319", "correlationVector":"wy5F1emJWXOkM3pD2dAFap","action":"Initial GetUpdates", "result":"", "context":Reason: NEWLY_SUPPORTED_DATATYPE. cV=wy5F1emJWXOkM3pD2dAFap}
{"logTime": "0517/014319", "correlationVector":"wy5F1emJWXOkM3pD2dAFap.1","action":"SyncServerConnectionManagerRequest", "result":"SYNC_SERVER_OK", "context":{"environment":"Prod_EastUS2_000e", "migrationStage":"NotStarted", "server":"GENERAL0100002M"}}
{"logTime": "0517/014319", "correlationVector":"wy5F1emJWXOkM3pD2dAFap.2","action":"GetUpdates", "result":"DeleteReceived", "context":{"id":"d5414ee9-a08b-4a99-904d-5b8a0a925119", "isDeleted:":"true", "version":"1692060837289"}}
{"logTime": "0517/014319", "correlationVector":"wy5F1emJWXOkM3pD2dAFap.3","action":"GetUpdates", "result":"DeleteReceived", "context":{"id":"2c5dd0f8-d8be-4ada-818b-c4dbd914fd0c", "isDeleted:":"true", "version":"1694657739363"}}
{"logTime": "0517/014319", "correlationVector":"wy5F1emJWXOkM3pD2dAFap.4","action":"GetUpdates", "result":"DeleteReceived", "context":{"id":"c805b670-bd9a-4378-a245-2a826dbfa218", "isDeleted:":"true", "version":"1697653945283"}}
{"logTime": "0517/014319", "correlationVector":"wy5F1emJWXOkM3pD2dAFap.5","action":"GetUpdates", "result":"DeleteReceived", "context":{"id":"216ab9bb-a3bf-4471-8d20-e11fc71dd2b4", "isDeleted:":"true", "version":"1713544397797"}}
{"logTime": "0517/014319", "correlationVector":"wy5F1emJWXOkM3pD2dAFap.6","action":"GetUpdates", "result":"DeleteReceived", "context":{"id":"3be8bfc9-4f54-4b89-9390-f453b852c7e8", "isDeleted:":"true", "version":"1713544397799"}}
{"logTime": "0517/014319", "correlationVector":"wy5F1emJWXOkM3pD2dAFap.7","action":"GetUpdates", "result":"DeleteReceived", "context":{"id":"5f9f8600-eceb-47c5-8071-ec414a05cb37", "isDeleted:":"true", "version":"1713544397800"}}
{"logTime": "0517/014319", "correlationVector":"wy5F1emJWXOkM3pD2dAFap.8","action":"GetUpdates", "result":"DeleteReceived", "context":{"id":"93e30d5f-38dd-4f0a-87e4-2c6ddb7690f0", "isDeleted:":"true", "version":"1713544397801"}}
{"logTime": "0517/014319", "correlationVector":"wy5F1emJWXOkM3pD2dAFap.9","action":"GetUpdates Response", "result":"Success", "context":Received 208 update(s). cV=wy5F1emJWXOkM3pD2dAFap.0;server=GENERAL0100002M;cloudType=Consumer;environment=Prod_EastUS2_000e;migrationStage=NotStarted}
{"logTime": "0517/014321", "correlationVector":"6ULmEs8x62en/G+jkVcNla","action":"SyncServerConnectionManagerRequest", "result":"SYNC_SERVER_OK", "context":{"environment":"", "migrationStage":"", "server":""}}
{"logTime": "0517/014321", "correlationVector":"0nfu7ietOAOfiNdp113r3g","action":"Initial GetUpdates", "result":"", "context":Reason: NEWLY_SUPPORTED_DATATYPE. cV=0nfu7ietOAOfiNdp113r3g}
{"logTime": "0517/014325", "correlationVector":"0nfu7ietOAOfiNdp113r3g.1","action":"SyncServerConnectionManagerRequest", "result":"SYNC_SERVER_OK", "context":{"environment":"Prod_EastUS_000w", "migrationStage":"NotStarted", "server":"GENERAL1100000E"}}
{"logTime": "0517/014325", "correlationVector":"0nfu7ietOAOfiNdp113r3g.2","action":"GetUpdates Response", "result":"Success", "context":Received 0 update(s). cV=0nfu7ietOAOfiNdp113r3g.0;server=GENERAL1100000E;cloudType=Consumer;environment=Prod_EastUS_000w;migrationStage=NotStarted}
{"logTime": "0517/014325", "correlationVector":"Hs7PkN1Nqedv5VxNryRo/u","action":"Normal GetUpdate request", "result":"", "context":cV=Hs7PkN1Nqedv5VxNryRo/u
Nudged types: Sessions, Device Info
Refresh requested types: Bookmarks, Preferences, Passwords, Autofill Profiles, Autofill, Typed URLs, Extensions, Sessions, Extension settings, History Delete Directives, Device Info, User Consents, Send Tab To Self, Web Apps, Collection, Edge E Drop, Edge Hub App Usage, Edge Tab Group, Edge Wallet, Encryption Keys}
{"logTime": "0517/014326", "correlationVector":"Hs7PkN1Nqedv5VxNryRo/u.1","action":"SyncServerConnectionManagerRequest", "result":"SYNC_SERVER_OK", "context":{"environment":"Prod_EastUS_000w", "migrationStage":"NotStarted", "server":"GENERAL1100001J"}}
{"logTime": "0517/014326", "correlationVector":"Hs7PkN1Nqedv5VxNryRo/u.2","action":"GetUpdates", "result":"DeleteReceived", "context":{"id":"a4ed7530-bcca-4e8c-a943-2779c470b14f", "isDeleted:":"true", "version":"1715646146005"}}
{"logTime": "0517/014326", "correlationVector":"Hs7PkN1Nqedv5VxNryRo/u.3","action":"GetUpdates", "result":"DeleteReceived", "context":{"id":"1d2def53-911f-4ad2-8d5c-85ca43808114", "isDeleted:":"true", "version":"1715818847163"}}
{"logTime": "0517/014326", "correlationVector":"Hs7PkN1Nqedv5VxNryRo/u.4","action":"GetUpdates", "result":"DeleteReceived", "context":{"id":"078b69b6-8181-43ac-b057-a580a7185072", "isDeleted:":"true", "version":"1715820422763"}}
{"logTime": "0517/014326", "correlationVector":"Hs7PkN1Nqedv5VxNryRo/u.5","action":"GetUpdates", "result":"DeleteReceived", "context":{"id":"fe13044e-671d-4d62-8c97-0d468d215fb5", "isDeleted:":"true", "version":"1715841845042"}}
{"logTime": "0517/014326", "correlationVector":"Hs7PkN1Nqedv5VxNryRo/u.6","action":"GetUpdates", "result":"DeleteReceived", "context":{"id":"f56a7278-b5fd-43b7-a990-1ac8e20e020d", "isDeleted:":"true", "version":"1715841845043"}}
{"logTime": "0517/014326", "correlationVector":"Hs7PkN1Nqedv5VxNryRo/u.7","action":"GetUpdates", "result":"DeleteReceived", "context":{"id":"ee6288b3-9c2a-46a9-a20a-7f35331a1c25", "isDeleted:":"true", "version":"1715841845044"}}
{"logTime": "0517/014326", "correlationVector":"Hs7PkN1Nqedv5VxNryRo/u.8","action":"GetUpdates", "result":"DeleteReceived", "context":{"id":"1af5bb32-4b43-4a42-8cbe-05f747e67dc5", "isDeleted:":"true", "version":"1715851950417"}}
{"logTime": "0517/014326", "correlationVector":"Hs7PkN1Nqedv5VxNryRo/u.9","action":"GetUpdates", "result":"DeleteReceived", "context":{"id":"b491ffbb-8219-4ad6-99ac-73626d158aeb", "isDeleted:":"true", "version":"1715852482452"}}
{"logTime": "0517/014326", "correlationVector":"Hs7PkN1Nqedv5VxNryRo/u.10","action":"GetUpdates", "result":"DeleteReceived", "context":{"id":"e4bb01c5-ae4b-4fef-8291-d0ce4138c6b8", "isDeleted:":"true", "version":"1715881912189"}}
{"logTime": "0517/014326", "correlationVector":"Hs7PkN1Nqedv5VxNryRo/u.11","action":"GetUpdates", "result":"DeleteReceived", "context":{"id":"6dca65ef-d003-4805-93ec-8da15dc85fdc", "isDeleted:":"true", "version":"1715888365007"}}
{"logTime": "0517/014326", "correlationVector":"Hs7PkN1Nqedv5VxNryRo/u.12","action":"GetUpdates", "result":"DeleteReceived", "context":{"id":"04e180f4-b506-495d-aa4e-c7513a6c1472", "isDeleted:":"true", "version":"1715895411356"}}
{"logTime": "0517/014326", "correlationVector":"Hs7PkN1Nqedv5VxNryRo/u.13","action":"GetUpdates", "result":"DeleteReceived", "context":{"id":"d5f3a778-8420-4e8f-8cfe-ad50ebf4306a", "isDeleted:":"true", "version":"1715895411357"}}
{"logTime": "0517/014326", "correlationVector":"Hs7PkN1Nqedv5VxNryRo/u.14","action":"GetUpdates", "result":"DeleteReceived", "context":{"id":"92f0407e-8da4-431a-b0e5-809927cfa266", "isDeleted:":"true", "version":"1715895411360"}}
{"logTime": "0517/014326", "correlationVector":"Hs7PkN1Nqedv5VxNryRo/u.15","action":"GetUpdates", "result":"DeleteReceived", "context":{"id":"8d6083df-46bb-4eb9-b3ea-8e1c26f05c49", "isDeleted:":"true", "version":"1715895411361"}}
{"logTime": "0517/014326", "correlationVector":"Hs7PkN1Nqedv5VxNryRo/u.16","action":"GetUpdates", "result":"DeleteReceived", "context":{"id":"d294ca92-debd-4176-bbd7-fd7061643bf7", "isDeleted:":"true", "version":"1715896778758"}}
{"logTime": "0517/014326", "correlationVector":"Hs7PkN1Nqedv5VxNryRo/u.17","action":"GetUpdates", "result":"DeleteReceived", "context":{"id":"073ae2d1-04c8-41c7-a81e-13ee619cb154", "isDeleted:":"true", "version":"1715906263264"}}
{"logTime": "0517/014326", "correlationVector":"Hs7PkN1Nqedv5VxNryRo/u.18","action":"GetUpdates", "result":"DeleteReceived", "context":{"id":"8c024698-ecfb-485a-b4af-2af6929fd734", "isDeleted:":"true", "version":"1715907760541"}}
{"logTime": "0517/014326", "correlationVector":"Hs7PkN1Nqedv5VxNryRo/u.19","action":"GetUpdates", "result":"DeleteReceived", "context":{"id":"e8c9820a-a268-470a-a9be-fad770cd9f7a", "isDeleted:":"true", "version":"1715909532076"}}
{"logTime": "0517/014326", "correlationVector":"Hs7PkN1Nqedv5VxNryRo/u.20","action":"GetUpdates Response", "result":"Success", "context":Received 46 update(s). cV=Hs7PkN1Nqedv5VxNryRo/u.0;server=GENERAL1100001J;cloudType=Consumer;environment=Prod_EastUS_000w;migrationStage=NotStarted}
{"logTime": "0517/014326", "correlationVector":"yj2Sw+6cENcaa8f8hCIvop","action":"Poll GetUpdate request", "result":"", "context":cV=yj2Sw+6cENcaa8f8hCIvop}
{"logTime": "0517/014327", "correlationVector":"yj2Sw+6cENcaa8f8hCIvop.1","action":"SyncServerConnectionManagerRequest", "result":"SYNC_SERVER_OK", "context":{"environment":"Prod_EastUS_000w", "migrationStage":"NotStarted", "server":"GENERAL1100003A"}}
{"logTime": "0517/014327", "correlationVector":"yj2Sw+6cENcaa8f8hCIvop.2","action":"GetUpdates Response", "result":"Success", "context":Received 0 update(s). cV=yj2Sw+6cENcaa8f8hCIvop.0;server=GENERAL1100003A;cloudType=Consumer;environment=Prod_EastUS_000w;migrationStage=NotStarted}
{"logTime": "0517/014331", "correlationVector":"Am/KiVOUR4KViPI5E8VxIV","action":"Normal GetUpdate request", "result":"", "context":cV=Am/KiVOUR4KViPI5E8VxIV
Nudged types: Preferences}
{"logTime": "0517/014336", "correlationVector":"Am/KiVOUR4KViPI5E8VxIV.1","action":"SyncServerConnectionManagerRequest", "result":"SYNC_SERVER_OK", "context":{"environment":"Prod_EastUS_000w", "migrationStage":"NotStarted", "server":"GENERAL01000005"}}
{"logTime": "0517/014336", "correlationVector":"Am/KiVOUR4KViPI5E8VxIV.2","action":"GetUpdates Response", "result":"Success", "context":Received 0 update(s). cV=Am/KiVOUR4KViPI5E8VxIV.0;server=GENERAL01000005;cloudType=Consumer;environment=Prod_EastUS_000w;migrationStage=NotStarted}
{"logTime": "0517/014336", "correlationVector":"+tCyWZ4nlgkNP6KP6SWfVO","action":"Commit Request", "result":"", "context":Item count: 3
Contributing types: Preferences, Sessions}
{"logTime": "0517/014337", "correlationVector":"+tCyWZ4nlgkNP6KP6SWfVO.1","action":"SyncServerConnectionManagerRequest", "result":"SYNC_SERVER_OK", "context":{"environment":"Prod_EastUS_000w", "migrationStage":"NotStarted", "server":"GENERAL1100000M"}}
{"logTime": "0517/014337", "correlationVector":"+tCyWZ4nlgkNP6KP6SWfVO.2","action":"Commit Response", "result":"Success", "context":Result: Success. cV=+tCyWZ4nlgkNP6KP6SWfVO.0;server=GENERAL1100000M;cloudType=Consumer;environment=Prod_EastUS_000w;migrationStage=NotStarted}
{"logTime": "0517/014339", "correlationVector":"pggpXoXKDbL51i4fPXWWri","action":"Normal GetUpdate request", "result":"", "context":cV=pggpXoXKDbL51i4fPXWWri
Nudged types: Preferences, Sessions}
{"logTime": "0517/014340", "correlationVector":"pggpXoXKDbL51i4fPXWWri.1","action":"SyncServerConnectionManagerRequest", "result":"SYNC_SERVER_OK", "context":{"environment":"Prod_EastUS_000w", "migrationStage":"NotStarted", "server":"GENERAL11000030"}}
{"logTime": "0517/014340", "correlationVector":"pggpXoXKDbL51i4fPXWWri.2","action":"GetUpdates Response", "result":"Success", "context":Received 3 update(s). cV=pggpXoXKDbL51i4fPXWWri.0;server=GENERAL11000030;cloudType=Consumer;environment=Prod_EastUS_000w;migrationStage=NotStarted}
{"logTime": "0517/014400", "correlationVector":"gTtmw8ZVZD9+GA/p+wUlAQ","action":"Normal GetUpdate request", "result":"", "context":cV=gTtmw8ZVZD9+GA/p+wUlAQ
Notified types: Preferences}
{"logTime": "0517/014401", "correlationVector":"gTtmw8ZVZD9+GA/p+wUlAQ.1","action":"SyncServerConnectionManagerRequest", "result":"SYNC_SERVER_OK", "context":{"environment":"Prod_EastUS_000w", "migrationStage":"NotStarted", "server":"GENERAL1100002K"}}
{"logTime": "0517/014401", "correlationVector":"gTtmw8ZVZD9+GA/p+wUlAQ.2","action":"GetUpdates", "result":"DeleteReceived", "context":{"id":"c116eaa1-8ccd-412b-9eec-3bf5b2872e92", "isDeleted:":"true", "version":"1715910220208"}}
{"logTime": "0517/014401", "correlationVector":"gTtmw8ZVZD9+GA/p+wUlAQ.3","action":"GetUpdates Response", "result":"Success", "context":Received 2 update(s). cV=gTtmw8ZVZD9+GA/p+wUlAQ.0;server=GENERAL1100002K;cloudType=Consumer;environment=Prod_EastUS_000w;migrationStage=NotStarted}
{"logTime": "0517/014403", "correlationVector":"HY8KSn9rUrZjNlO5KZEs7E","action":"Commit Request", "result":"", "context":Item count: 1
Contributing types: Preferences}
{"logTime": "0517/014404", "correlationVector":"HY8KSn9rUrZjNlO5KZEs7E.1","action":"SyncServerConnectionManagerRequest", "result":"SYNC_SERVER_OK", "context":{"environment":"Prod_EastUS_000w", "migrationStage":"NotStarted", "server":"GENERAL11000021"}}
{"logTime": "0517/014404", "correlationVector":"HY8KSn9rUrZjNlO5KZEs7E.2","action":"Commit Response", "result":"Success", "context":Result: Success. cV=HY8KSn9rUrZjNlO5KZEs7E.0;server=GENERAL11000021;cloudType=Consumer;environment=Prod_EastUS_000w;migrationStage=NotStarted}
{"logTime": "0517/014415", "correlationVector":"kARHPk6lTcvAnPMvj2kvuF","action":"Normal GetUpdate request", "result":"", "context":cV=kARHPk6lTcvAnPMvj2kvuF
Notified types: Preferences}
{"logTime": "0517/014416", "correlationVector":"kARHPk6lTcvAnPMvj2kvuF.1","action":"SyncServerConnectionManagerRequest", "result":"SYNC_SERVER_OK", "context":{"environment":"Prod_EastUS_000w", "migrationStage":"NotStarted", "server":"GENERAL1100000R"}}
{"logTime": "0517/014416", "correlationVector":"kARHPk6lTcvAnPMvj2kvuF.2","action":"GetUpdates Response", "result":"Success", "context":Received 1 update(s). cV=kARHPk6lTcvAnPMvj2kvuF.0;server=GENERAL1100000R;cloudType=Consumer;environment=Prod_EastUS_000w;migrationStage=NotStarted}
{"logTime": "0517/014806", "correlationVector":"cUqfSCfmei8f2zcU68YK3h","action":"Normal GetUpdate request", "result":"", "context":cV=cUqfSCfmei8f2zcU68YK3h
Refresh requested types: Bookmarks, Preferences, Passwords, Autofill Profiles, Autofill, Typed URLs, Extensions, Sessions, Extension settings, History Delete Directives, Device Info, User Consents, Send Tab To Self, Web Apps, Collection, Edge E Drop, Edge Hub App Usage, Edge Tab Group, Edge Wallet, Encryption Keys}
{"logTime": "0517/014806", "correlationVector":"cUqfSCfmei8f2zcU68YK3h.1","action":"SyncServerConnectionManagerRequest", "result":"SYNC_SERVER_OK", "context":{"environment":"Prod_EastUS2_000e", "migrationStage":"NotStarted", "server":"GENERAL0100001T"}}
{"logTime": "0517/014806", "correlationVector":"cUqfSCfmei8f2zcU68YK3h.2","action":"GetUpdates Response", "result":"Success", "context":Received 0 update(s). cV=cUqfSCfmei8f2zcU68YK3h.0;server=GENERAL0100001T;cloudType=Consumer;environment=Prod_EastUS2_000e;migrationStage=NotStarted}
{"logTime": "0517/021524", "correlationVector":"sAdTzRKKCU5QKgffXoZ/FD","action":"Commit Request", "result":"", "context":Item count: 1
Contributing types: Sessions}
{"logTime": "0517/021525", "correlationVector":"sAdTzRKKCU5QKgffXoZ/FD.1","action":"SyncServerConnectionManagerRequest", "result":"SYNC_AUTH_ERROR", "context":{"environment":"Prod_EastUS2_000e", "migrationStage":"NotStarted", "server":"GENERAL0100003A"}}
{"logTime": "0517/021525", "correlationVector":"sAdTzRKKCU5QKgffXoZ/FD.2","action":"Commit Response", "result":"HTTP error (401)", "context":Result: HTTP error (401). cV=sAdTzRKKCU5QKgffXoZ/FD.0;server=GENERAL0100003A;cloudType=Undetermined;environment=Prod_EastUS2_000e;migrationStage=NotStarted}
{"logTime": "0517/021526", "correlationVector":"vCCiX+EM7DFpfhle+VVdK2","action":"Commit Request", "result":"", "context":Item count: 1
Contributing types: Sessions}
{"logTime": "0517/021526", "correlationVector":"vCCiX+EM7DFpfhle+VVdK2.1","action":"SyncServerConnectionManagerRequest", "result":"SYNC_SERVER_OK", "context":{"environment":"Prod_EastUS2_000e", "migrationStage":"NotStarted", "server":"general01000015"}}
{"logTime": "0517/021526", "correlationVector":"vCCiX+EM7DFpfhle+VVdK2.2","action":"Commit Response", "result":"Success", "context":Result: Success. cV=vCCiX+EM7DFpfhle+VVdK2.0;server=general01000015;cloudType=Consumer;environment=Prod_EastUS2_000e;migrationStage=NotStarted}
{"logTime": "0517/021554", "correlationVector":"jYfwuNES66+yZ2vBUGsA3A","action":"Commit Request", "result":"", "context":Item count: 1
Contributing types: Preferences}
{"logTime": "0517/021554", "correlationVector":"jYfwuNES66+yZ2vBUGsA3A.1","action":"SyncServerConnectionManagerRequest", "result":"SYNC_SERVER_OK", "context":{"environment":"Prod_EastUS2_000e", "migrationStage":"NotStarted", "server":"GENERAL0100000S"}}
{"logTime": "0517/021554", "correlationVector":"jYfwuNES66+yZ2vBUGsA3A.2","action":"Commit Response", "result":"Success", "context":Result: Success. cV=jYfwuNES66+yZ2vBUGsA3A.0;server=GENERAL0100000S;cloudType=Consumer;environment=Prod_EastUS2_000e;migrationStage=NotStarted}
{"logTime": "0517/021608", "correlationVector":"dBeYXssX8tSrcmpGqcFvth","action":"Normal GetUpdate request", "result":"", "context":cV=dBeYXssX8tSrcmpGqcFvth
Notified types: Preferences}
{"logTime": "0517/021608", "correlationVector":"dBeYXssX8tSrcmpGqcFvth.1","action":"SyncServerConnectionManagerRequest", "result":"SYNC_SERVER_OK", "context":{"environment":"Prod_EastUS2_000e", "migrationStage":"NotStarted", "server":"GENERAL0100001B"}}
{"logTime": "0517/021608", "correlationVector":"dBeYXssX8tSrcmpGqcFvth.2","action":"GetUpdates Response", "result":"Success", "context":Received 2 update(s). cV=dBeYXssX8tSrcmpGqcFvth.0;server=GENERAL0100001B;cloudType=Consumer;environment=Prod_EastUS2_000e;migrationStage=NotStarted}
{"logTime": "0517/021832", "correlationVector":"wQ5iQvCBW0AvSmRO5pbinj","action":"Commit Request", "result":"", "context":Item count: 1
Contributing types: Sessions}
{"logTime": "0517/021833", "correlationVector":"wQ5iQvCBW0AvSmRO5pbinj.1","action":"SyncServerConnectionManagerRequest", "result":"SYNC_SERVER_OK", "context":{"environment":"Prod_EastUS2_000e", "migrationStage":"NotStarted", "server":"GENERAL01000017"}}
{"logTime": "0517/021833", "correlationVector":"wQ5iQvCBW0AvSmRO5pbinj.2","action":"Commit Response", "result":"Success", "context":Result: Success. cV=wQ5iQvCBW0AvSmRO5pbinj.0;server=GENERAL01000017;cloudType=Consumer;environment=Prod_EastUS2_000e;migrationStage=NotStarted}
{"logTime": "0517/021843", "correlationVector":"3/PzklG92vosPNUeXdtj4V","action":"Commit Request", "result":"", "context":Item count: 1
Contributing types: Preferences}
{"logTime": "0517/021844", "correlationVector":"3/PzklG92vosPNUeXdtj4V.1","action":"SyncServerConnectionManagerRequest", "result":"SYNC_SERVER_OK", "context":{"environment":"Prod_EastUS2_000e", "migrationStage":"NotStarted", "server":"GENERAL01000004"}}
{"logTime": "0517/021844", "correlationVector":"3/PzklG92vosPNUeXdtj4V.2","action":"Commit Response", "result":"Success", "context":Result: Success. cV=3/PzklG92vosPNUeXdtj4V.0;server=GENERAL01000004;cloudType=Consumer;environment=Prod_EastUS2_000e;migrationStage=NotStarted}
{"logTime": "0517/021903", "correlationVector":"/itBuH6BZ2HcFqOtVw5rLY","action":"Commit Request", "result":"", "context":Item count: 1
Contributing types: Preferences}
{"logTime": "0517/021904", "correlationVector":"/itBuH6BZ2HcFqOtVw5rLY.1","action":"SyncServerConnectionManagerRequest", "result":"SYNC_SERVER_OK", "context":{"environment":"Prod_EastUS_000w", "migrationStage":"NotStarted", "server":"GENERAL0100000F"}}
{"logTime": "0517/021904", "correlationVector":"/itBuH6BZ2HcFqOtVw5rLY.2","action":"Commit Response", "result":"Success", "context":Result: Success. cV=/itBuH6BZ2HcFqOtVw5rLY.0;server=GENERAL0100000F;cloudType=Consumer;environment=Prod_EastUS_000w;migrationStage=NotStarted}
{"logTime": "0517/021913", "correlationVector":"MgOuWCrjkoi1z6Ud34y8Gz","action":"Commit Request", "result":"", "context":Item count: 1
Contributing types: Preferences}
{"logTime": "0517/021914", "correlationVector":"MgOuWCrjkoi1z6Ud34y8Gz.1","action":"SyncServerConnectionManagerRequest", "result":"SYNC_SERVER_OK", "context":{"environment":"Prod_EastUS2_000e", "migrationStage":"NotStarted", "server":"GENERAL0100000B"}}
{"logTime": "0517/021914", "correlationVector":"MgOuWCrjkoi1z6Ud34y8Gz.2","action":"Commit Response", "result":"Success", "context":Result: Success. cV=MgOuWCrjkoi1z6Ud34y8Gz.0;server=GENERAL0100000B;cloudType=Consumer;environment=Prod_EastUS2_000e;migrationStage=NotStarted}
{"logTime": "0517/021914", "correlationVector":"MgOuWCrjkoi1z6Ud34y8Gz.3","action":"Commit.Preferences", "result":"Conflict", "context":{"id":"51dad610-85da-4870-842f-3bf370b6b5be", "isDeleted":"false", "size":"293", "version":"1715912342826"}}
{"logTime": "0517/021915", "correlationVector":"Joe2yO5rIsb3lyaUZ1QBII","action":"Normal GetUpdate request", "result":"", "context":cV=Joe2yO5rIsb3lyaUZ1QBII
Nudged types: Preferences, Sessions
Notified types: Preferences}
{"logTime": "0517/021915", "correlationVector":"Joe2yO5rIsb3lyaUZ1QBII.1","action":"SyncServerConnectionManagerRequest", "result":"SYNC_SERVER_OK", "context":{"environment":"Prod_EastUS2_000e", "migrationStage":"NotStarted", "server":"GENERAL01000032"}}
{"logTime": "0517/021915", "correlationVector":"Joe2yO5rIsb3lyaUZ1QBII.2","action":"GetUpdates Response", "result":"Success", "context":Received 2 update(s). cV=Joe2yO5rIsb3lyaUZ1QBII.0;server=GENERAL01000032;cloudType=Consumer;environment=Prod_EastUS2_000e;migrationStage=NotStarted}
{"logTime": "0517/021915", "correlationVector":"1mQO3puFeWblSDkQluhP7k","action":"Commit Request", "result":"", "context":Item count: 1
Contributing types: Sessions}
{"logTime": "0517/021915", "correlationVector":"1mQO3puFeWblSDkQluhP7k.1","action":"SyncServerConnectionManagerRequest", "result":"SYNC_SERVER_OK", "context":{"environment":"Prod_EastUS2_000e", "migrationStage":"NotStarted", "server":"GENERAL0100002A"}}
{"logTime": "0517/021915", "correlationVector":"1mQO3puFeWblSDkQluhP7k.2","action":"Commit Response", "result":"Success", "context":Result: Success. cV=1mQO3puFeWblSDkQluhP7k.0;server=GENERAL0100002A;cloudType=Consumer;environment=Prod_EastUS2_000e;migrationStage=NotStarted}
{"logTime": "0517/021943", "correlationVector":"BR9gwCiZprJABLHbJTCylq","action":"Commit Request", "result":"", "context":Item count: 1
Contributing types: Preferences}
{"logTime": "0517/021943", "correlationVector":"BR9gwCiZprJABLHbJTCylq.1","action":"SyncServerConnectionManagerRequest", "result":"SYNC_SERVER_OK", "context":{"environment":"Prod_EastUS2_000e", "migrationStage":"NotStarted", "server":"GENERAL0100001T"}}
{"logTime": "0517/021943", "correlationVector":"BR9gwCiZprJABLHbJTCylq.2","action":"Commit Response", "result":"Success", "context":Result: Success. cV=BR9gwCiZprJABLHbJTCylq.0;server=GENERAL0100001T;cloudType=Consumer;environment=Prod_EastUS2_000e;migrationStage=NotStarted}
{"logTime": "0517/022003", "correlationVector":"ynqRCYoAWwPz/ejMhAAg91","action":"Normal GetUpdate request", "result":"", "context":cV=ynqRCYoAWwPz/ejMhAAg91
Notified types: Preferences}
{"logTime": "0517/022003", "correlationVector":"ynqRCYoAWwPz/ejMhAAg91.1","action":"SyncServerConnectionManagerRequest", "result":"SYNC_SERVER_OK", "context":{"environment":"Prod_EastUS2_000e", "migrationStage":"NotStarted", "server":"GENERAL01000038"}}
{"logTime": "0517/022003", "correlationVector":"ynqRCYoAWwPz/ejMhAAg91.2","action":"GetUpdates Response", "result":"Success", "context":Received 2 update(s). cV=ynqRCYoAWwPz/ejMhAAg91.0;server=GENERAL01000038;cloudType=Consumer;environment=Prod_EastUS2_000e;migrationStage=NotStarted}
{"logTime": "0517/022608", "correlationVector":"DAU6tn6qyHW7GOx0HFsjxR","action":"Commit Request", "result":"", "context":Item count: 1
Contributing types: Sessions}
{"logTime": "0517/022609", "correlationVector":"DAU6tn6qyHW7GOx0HFsjxR.1","action":"SyncServerConnectionManagerRequest", "result":"SYNC_SERVER_OK", "context":{"environment":"Prod_EastUS2_000e", "migrationStage":"NotStarted", "server":"general0100000F"}}
{"logTime": "0517/022609", "correlationVector":"DAU6tn6qyHW7GOx0HFsjxR.2","action":"Commit Response", "result":"Success", "context":Result: Success. cV=DAU6tn6qyHW7GOx0HFsjxR.0;server=general0100000F;cloudType=Consumer;environment=Prod_EastUS2_000e;migrationStage=NotStarted}
{"logTime": "0517/033305", "correlationVector":"Iz3XoGKHqvmwqbKGwN+eZm","action":"Normal GetUpdate request", "result":"", "context":cV=Iz3XoGKHqvmwqbKGwN+eZm
Refresh requested types: Bookmarks, Preferences, Passwords, Autofill Profiles, Autofill, Typed URLs, Extensions, Sessions, Extension settings, History Delete Directives, Device Info, User Consents, Send Tab To Self, Web Apps, Collection, Edge E Drop, Edge Hub App Usage, Edge Tab Group, Edge Wallet, Encryption Keys}
